Using pre-set license
Built from '2022.3/staging' branch; Version is '2022.3.42f1 (2dcb6a0abc42) revision 3001194'; Using compiler version '192829333'; Build Type 'Release'
OS: 'Windows 11  (10.0.22631) 64bit CoreSingleLanguage' Language: 'es' Physical Memory: 12051 MB
BatchMode: 1, IsHumanControllingUs: 0, StartBugReporterOnCrash: 0, Is64bit: 1, IsPro: 1

COMMAND LINE ARGUMENTS:
C:\Program Files\Unity 2022.3.42f1\Editor\Unity.exe
-adb2
-batchMode
-noUpm
-name
AssetImportWorker2
-projectPath
C:/Users/ppmar/OneDrive/Documentos/Tonalli-Land-Of-Dead-/Tonalli Land Of Dead
-logFile
Logs/AssetImportWorker2.log
-srvPort
56190
Successfully changed project path to: C:/Users/ppmar/OneDrive/Documentos/Tonalli-Land-Of-Dead-/Tonalli Land Of Dead
C:/Users/ppmar/OneDrive/Documentos/Tonalli-Land-Of-Dead-/Tonalli Land Of Dead
[UnityMemory] Configuration Parameters - Can be set up in boot.config
    "memorysetup-bucket-allocator-granularity=16"
    "memorysetup-bucket-allocator-bucket-count=8"
    "memorysetup-bucket-allocator-block-size=33554432"
    "memorysetup-bucket-allocator-block-count=8"
    "memorysetup-main-allocator-block-size=16777216"
    "memorysetup-thread-allocator-block-size=16777216"
    "memorysetup-gfx-main-allocator-block-size=16777216"
    "memorysetup-gfx-thread-allocator-block-size=16777216"
    "memorysetup-cache-allocator-block-size=4194304"
    "memorysetup-typetree-allocator-block-size=2097152"
    "memorysetup-profiler-bucket-allocator-granularity=16"
    "memorysetup-profiler-bucket-allocator-bucket-count=8"
    "memorysetup-profiler-bucket-allocator-block-size=33554432"
    "memorysetup-profiler-bucket-allocator-block-count=8"
    "memorysetup-profiler-allocator-block-size=16777216"
    "memorysetup-profiler-editor-allocator-block-size=1048576"
    "memorysetup-temp-allocator-size-main=16777216"
    "memorysetup-job-temp-allocator-block-size=2097152"
    "memorysetup-job-temp-allocator-block-size-background=1048576"
    "memorysetup-job-temp-allocator-reduction-small-platforms=262144"
    "memorysetup-allocator-temp-initial-block-size-main=262144"
    "memorysetup-allocator-temp-initial-block-size-worker=262144"
    "memorysetup-temp-allocator-size-background-worker=32768"
    "memorysetup-temp-allocator-size-job-worker=262144"
    "memorysetup-temp-allocator-size-preload-manager=33554432"
    "memorysetup-temp-allocator-size-nav-mesh-worker=65536"
    "memorysetup-temp-allocator-size-audio-worker=65536"
    "memorysetup-temp-allocator-size-cloud-worker=32768"
    "memorysetup-temp-allocator-size-gi-baking-worker=262144"
    "memorysetup-temp-allocator-size-gfx=262144"
Player connection [25996]  Target information:

Player connection [25996]  * "[IP] 192.168.100.8 [Port] 0 [Flags] 2 [Guid] 528251604 [EditorId] 528251604 [Version] 1048832 [Id] WindowsEditor(7,ricardo) [Debug] 1 [PackageName] WindowsEditor [ProjectName] Editor" 

Player connection [25996] Host joined multi-casting on [225.0.0.222:54997]...
Player connection [25996] Host joined alternative multi-casting on [225.0.0.222:34997]...
[PhysX] Initialized MultithreadedTaskDispatcher with 16 workers.
Refreshing native plugins compatible for Editor in 70.21 ms, found 4 plugins.
Preloading 0 native plugins for Editor in 0.00 ms.
Initialize engine version: 2022.3.42f1 (2dcb6a0abc42)
[Subsystems] Discovering subsystems at path C:/Program Files/Unity 2022.3.42f1/Editor/Data/Resources/UnitySubsystems
[Subsystems] Discovering subsystems at path C:/Users/ppmar/OneDrive/Documentos/Tonalli-Land-Of-Dead-/Tonalli Land Of Dead/Assets
GfxDevice: creating device client; threaded=0; jobified=0
Direct3D:
    Version:  Direct3D 11.0 [level 11.1]
    Renderer: NVIDIA GeForce RTX 3050 Laptop GPU (ID=0x25a2)
    Vendor:   NVIDIA
    VRAM:     3991 MB
    Driver:   30.0.15.1274
Initialize mono
Mono path[0] = 'C:/Program Files/Unity 2022.3.42f1/Editor/Data/Managed'
Mono path[1] = 'C:/Program Files/Unity 2022.3.42f1/Editor/Data/MonoBleedingEdge/lib/mono/unityjit-win32'
Mono config path = 'C:/Program Files/Unity 2022.3.42f1/Editor/Data/MonoBleedingEdge/etc'
Using monoOptions --debugger-agent=transport=dt_socket,embedding=1,server=y,suspend=n,address=127.0.0.1:56232
Begin MonoManager ReloadAssembly
Registering precompiled unity dll's ...
Register platform support module: C:/Program Files/Unity 2022.3.42f1/Editor/Data/PlaybackEngines/WebGLSupport/UnityEditor.WebGL.Extensions.dll
Register platform support module: C:/Program Files/Unity 2022.3.42f1/Editor/Data/PlaybackEngines/WindowsStandaloneSupport/UnityEditor.WindowsStandalone.Extensions.dll
Registered in 0.022461 seconds.
- Loaded All Assemblies, in  0.847 seconds
Native extension for WindowsStandalone target not found
Native extension for WebGL target not found
Mono: successfully reloaded assembly
- Finished resetting the current domain, in  0.475 seconds
Domain Reload Profiling: 1307ms
	BeginReloadAssembly (330ms)
		ExecutionOrderSort (0ms)
		DisableScriptedObjects (0ms)
		BackupInstance (0ms)
		ReleaseScriptingObjects (0ms)
		CreateAndSetChildDomain (2ms)
	RebuildCommonClasses (64ms)
	RebuildNativeTypeToScriptingClass (27ms)
	initialDomainReloadingComplete (132ms)
	LoadAllAssembliesAndSetupDomain (278ms)
		LoadAssemblies (315ms)
		RebuildTransferFunctionScriptingTraits (0ms)
		AnalyzeDomain (273ms)
			TypeCache.Refresh (271ms)
				TypeCache.ScanAssembly (249ms)
			ScanForSourceGeneratedMonoScriptInfo (1ms)
			ResolveRequiredComponents (1ms)
	FinalizeReload (475ms)
		ReleaseScriptCaches (0ms)
		RebuildScriptCaches (0ms)
		SetupLoadedEditorAssemblies (389ms)
			LogAssemblyErrors (0ms)
			InitializePlatformSupportModulesInManaged (22ms)
			SetLoadedEditorAssemblies (10ms)
			RefreshPlugins (0ms)
			BeforeProcessingInitializeOnLoad (5ms)
			ProcessInitializeOnLoadAttributes (273ms)
			ProcessInitializeOnLoadMethodAttributes (79ms)
			AfterProcessingInitializeOnLoad (0ms)
			EditorAssembliesLoaded (0ms)
		ExecutionOrderSort2 (0ms)
		AwakeInstancesAfterBackupRestoration (0ms)
========================================================================
Worker process is ready to serve import requests
Caller must complete domain reload
Begin MonoManager ReloadAssembly
- Loaded All Assemblies, in  1.718 seconds
Native extension for WindowsStandalone target not found
Native extension for WebGL target not found
Mono: successfully reloaded assembly
- Finished resetting the current domain, in  1.142 seconds
Domain Reload Profiling: 2847ms
	BeginReloadAssembly (312ms)
		ExecutionOrderSort (0ms)
		DisableScriptedObjects (10ms)
		BackupInstance (0ms)
		ReleaseScriptingObjects (0ms)
		CreateAndSetChildDomain (39ms)
	RebuildCommonClasses (61ms)
	RebuildNativeTypeToScriptingClass (17ms)
	initialDomainReloadingComplete (92ms)
	LoadAllAssembliesAndSetupDomain (1222ms)
		LoadAssemblies (986ms)
		RebuildTransferFunctionScriptingTraits (0ms)
		AnalyzeDomain (440ms)
			TypeCache.Refresh (368ms)
				TypeCache.ScanAssembly (335ms)
			ScanForSourceGeneratedMonoScriptInfo (53ms)
			ResolveRequiredComponents (17ms)
	FinalizeReload (1142ms)
		ReleaseScriptCaches (0ms)
		RebuildScriptCaches (0ms)
		SetupLoadedEditorAssemblies (906ms)
			LogAssemblyErrors (0ms)
			InitializePlatformSupportModulesInManaged (11ms)
			SetLoadedEditorAssemblies (10ms)
			RefreshPlugins (0ms)
			BeforeProcessingInitializeOnLoad (142ms)
			ProcessInitializeOnLoadAttributes (598ms)
			ProcessInitializeOnLoadMethodAttributes (120ms)
			AfterProcessingInitializeOnLoad (25ms)
			EditorAssembliesLoaded (0ms)
		ExecutionOrderSort2 (0ms)
		AwakeInstancesAfterBackupRestoration (11ms)
Launched and connected shader compiler UnityShaderCompiler.exe after 0.09 seconds
Refreshing native plugins compatible for Editor in 36.99 ms, found 4 plugins.
Preloading 0 native plugins for Editor in 0.00 ms.
Unloading 5679 Unused Serialized files (Serialized files now loaded: 0)
Unloading 48 unused Assets / (0.9 MB). Loaded Objects now: 6132.
Memory consumption went from 215.9 MB to 215.0 MB.
Total: 7.609000 ms (FindLiveObjects: 0.560900 ms CreateObjectMapping: 0.306000 ms MarkObjects: 6.266400 ms  DeleteObjects: 0.473800 ms)

AssetImportParameters requested are different than current active one (requested -> active):
  custom:container-demuxer-ogg: 62fdf1f143b41e24485cea50d1cbac27 -> 
  custom:video-decoder-ogg-theora: a1e56fd34408186e4bbccfd4996cb3dc -> 
  custom:framework-win-MediaFoundation: 216162199b28c13a410421893ffa2e32 -> 
  custom:CustomObjectIndexerAttribute: 72b91833f83ae208fae7752999fa3104 -> 
  custom:container-demuxer-webm: 4f35f7cbe854078d1ac9338744f61a02 -> 
  custom:container-muxer-webm: aa71ff27fc2769a1b78a27578f13a17b -> 
  custom:video-decoder-webm-vp8: 9c59270c3fd7afecdb556c50c9e8de78 -> 
  custom:SearchIndexIgnoredProperties: e643bd26f0fe6173181afceb89e7c659 -> 
  custom:AudioImporter_EditorPlatform: d09bf68614088b80899f8185d706f6e7 -> 
  custom:video-encoder-webm-vp8: eb34c28f22e8b96e1ab97ce403110664 -> 
  custom:audio-decoder-ogg-vorbis: bf7c407c2cedff20999df2af8eb42d56 -> 
  custom:audio-encoder-webm-vorbis: bf7c407c2cedff20999df2af8eb42d56 -> 
========================================================================
Received Import Request.
  Time since last request: 228404.446025 seconds.
  path: Assets/Graphics/Enemies/Red Hood
  artifactKey: Guid(ca99bdb78e579c2458cf7811091f39d9) Importer(815301076,1909f56bfc062723c751e8b465ee728b)
Start importing Assets/Graphics/Enemies/Red Hood using Guid(ca99bdb78e579c2458cf7811091f39d9) Importer(815301076,1909f56bfc062723c751e8b465ee728b) [PhysX] Initialized MultithreadedTaskDispatcher with 16 workers.
 -> (artifact id: '72e03f3a58f1379f976dd162e67fc981') in 0.014678 seconds
Number of updated asset objects reloaded before import = 0
Number of asset objects unloaded after import = 0
========================================================================
Received Import Request.
  Time since last request: 0.042288 seconds.
  path: Assets/Graphics/Enemies/Red Hood/red hood itch free Copy-Sheet.png
  artifactKey: Guid(7eb81348dc564e844a4ecbc74050b300) Importer(815301076,1909f56bfc062723c751e8b465ee728b)
Start importing Assets/Graphics/Enemies/Red Hood/red hood itch free Copy-Sheet.png using Guid(7eb81348dc564e844a4ecbc74050b300) Importer(815301076,1909f56bfc062723c751e8b465ee728b) [PhysX] Initialized MultithreadedTaskDispatcher with 16 workers.
[PhysX] Initialized MultithreadedTaskDispatcher with 16 workers.
 -> (artifact id: 'b613ced20321022fb8b9fa994a401b55') in 0.764317 seconds
Number of updated asset objects reloaded before import = 0
Number of asset objects unloaded after import = 129
========================================================================
Received Import Request.
  Time since last request: 7.331377 seconds.
  path: Assets/Graphics/Enemies/Night born
  artifactKey: Guid(e0cb999198ca3c949a686506dc9b793f) Importer(815301076,1909f56bfc062723c751e8b465ee728b)
Start importing Assets/Graphics/Enemies/Night born using Guid(e0cb999198ca3c949a686506dc9b793f) Importer(815301076,1909f56bfc062723c751e8b465ee728b) [PhysX] Initialized MultithreadedTaskDispatcher with 16 workers.
 -> (artifact id: '7df6c9b4fea52ca60624308487f96a2f') in 0.004131 seconds
Number of updated asset objects reloaded before import = 0
Number of asset objects unloaded after import = 0
========================================================================
Received Import Request.
  Time since last request: 0.132627 seconds.
  path: Assets/Graphics/Enemies/Night born/NightBorne.png
  artifactKey: Guid(e82644eceb07e4d479b96d4178c1c02a) Importer(815301076,1909f56bfc062723c751e8b465ee728b)
Start importing Assets/Graphics/Enemies/Night born/NightBorne.png using Guid(e82644eceb07e4d479b96d4178c1c02a) Importer(815301076,1909f56bfc062723c751e8b465ee728b) [PhysX] Initialized MultithreadedTaskDispatcher with 16 workers.
[PhysX] Initialized MultithreadedTaskDispatcher with 16 workers.
 -> (artifact id: '3aea81649855dec4f5d1f7d0f5219027') in 0.241293 seconds
Number of updated asset objects reloaded before import = 0
Number of asset objects unloaded after import = 62
========================================================================
Received Import Request.
  Time since last request: 0.553565 seconds.
  path: Assets/Graphics/Enemies/Night born/NightBorne_hurt.gif
  artifactKey: Guid(fafd6fddc84ac4e4fb6b366f664f2c4c) Importer(815301076,1909f56bfc062723c751e8b465ee728b)
Start importing Assets/Graphics/Enemies/Night born/NightBorne_hurt.gif using Guid(fafd6fddc84ac4e4fb6b366f664f2c4c) Importer(815301076,1909f56bfc062723c751e8b465ee728b) [PhysX] Initialized MultithreadedTaskDispatcher with 16 workers.
[PhysX] Initialized MultithreadedTaskDispatcher with 16 workers.
 -> (artifact id: '338451c0fe9472fd31b8cc3bc03de65e') in 0.026533 seconds
Number of updated asset objects reloaded before import = 0
Number of asset objects unloaded after import = 3
========================================================================
Received Import Request.
  Time since last request: 0.000034 seconds.
  path: Assets/Graphics/Enemies/Night born/NightBorne_idle.gif
  artifactKey: Guid(2ec748b68345af54e80865bdc5496d8c) Importer(815301076,1909f56bfc062723c751e8b465ee728b)
Start importing Assets/Graphics/Enemies/Night born/NightBorne_idle.gif using Guid(2ec748b68345af54e80865bdc5496d8c) Importer(815301076,1909f56bfc062723c751e8b465ee728b) [PhysX] Initialized MultithreadedTaskDispatcher with 16 workers.
[PhysX] Initialized MultithreadedTaskDispatcher with 16 workers.
 -> (artifact id: '3dc8c42ad01103a116655afc7b4a1071') in 0.029672 seconds
Number of updated asset objects reloaded before import = 0
Number of asset objects unloaded after import = 3
========================================================================
Received Import Request.
  Time since last request: 16.848012 seconds.
  path: Assets/Graphics/Enemies/Briner of Death/Bringer-of-Death-SpritSheet_no-Effect.png
  artifactKey: Guid(0648bcd1747b32146bfe55eec0cfe910) Importer(815301076,1909f56bfc062723c751e8b465ee728b)
Start importing Assets/Graphics/Enemies/Briner of Death/Bringer-of-Death-SpritSheet_no-Effect.png using Guid(0648bcd1747b32146bfe55eec0cfe910) Importer(815301076,1909f56bfc062723c751e8b465ee728b) [PhysX] Initialized MultithreadedTaskDispatcher with 16 workers.
[PhysX] Initialized MultithreadedTaskDispatcher with 16 workers.
 -> (artifact id: '18c38ad8d1e3b5346956a673ace47723') in 0.034363 seconds
Number of updated asset objects reloaded before import = 0
Number of asset objects unloaded after import = 3
========================================================================
Received Prepare
Caller must complete domain reload
Begin MonoManager ReloadAssembly
- Loaded All Assemblies, in  4.348 seconds
Native extension for WindowsStandalone target not found
Native extension for WebGL target not found
Mono: successfully reloaded assembly
- Finished resetting the current domain, in  1.300 seconds
Domain Reload Profiling: 5639ms
	BeginReloadAssembly (3289ms)
		ExecutionOrderSort (0ms)
		DisableScriptedObjects (2759ms)
		BackupInstance (0ms)
		ReleaseScriptingObjects (1ms)
		CreateAndSetChildDomain (229ms)
	RebuildCommonClasses (64ms)
	RebuildNativeTypeToScriptingClass (18ms)
	initialDomainReloadingComplete (74ms)
	LoadAllAssembliesAndSetupDomain (894ms)
		LoadAssemblies (1033ms)
		RebuildTransferFunctionScriptingTraits (0ms)
		AnalyzeDomain (63ms)
			TypeCache.Refresh (28ms)
				TypeCache.ScanAssembly (0ms)
			ScanForSourceGeneratedMonoScriptInfo (1ms)
			ResolveRequiredComponents (33ms)
	FinalizeReload (1302ms)
		ReleaseScriptCaches (0ms)
		RebuildScriptCaches (0ms)
		SetupLoadedEditorAssemblies (899ms)
			LogAssemblyErrors (0ms)
			InitializePlatformSupportModulesInManaged (16ms)
			SetLoadedEditorAssemblies (9ms)
			RefreshPlugins (0ms)
			BeforeProcessingInitializeOnLoad (159ms)
			ProcessInitializeOnLoadAttributes (567ms)
			ProcessInitializeOnLoadMethodAttributes (125ms)
			AfterProcessingInitializeOnLoad (21ms)
			EditorAssembliesLoaded (1ms)
		ExecutionOrderSort2 (0ms)
		AwakeInstancesAfterBackupRestoration (24ms)
Refreshing native plugins compatible for Editor in 18.61 ms, found 4 plugins.
Preloading 0 native plugins for Editor in 0.00 ms.
Unloading 5541 Unused Serialized files (Serialized files now loaded: 0)
Unloading 35 unused Assets / (0.9 MB). Loaded Objects now: 6152.
Memory consumption went from 197.9 MB to 197.0 MB.
Total: 10.069700 ms (FindLiveObjects: 0.703800 ms CreateObjectMapping: 0.288600 ms MarkObjects: 8.018100 ms  DeleteObjects: 1.056900 ms)

Prepare: number of updated asset objects reloaded= 0
AssetImportParameters requested are different than current active one (requested -> active):
  custom:container-demuxer-ogg: 62fdf1f143b41e24485cea50d1cbac27 -> 
  custom:video-decoder-ogg-theora: a1e56fd34408186e4bbccfd4996cb3dc -> 
  custom:framework-win-MediaFoundation: 216162199b28c13a410421893ffa2e32 -> 
  custom:CustomObjectIndexerAttribute: 72b91833f83ae208fae7752999fa3104 -> 
  custom:container-demuxer-webm: 4f35f7cbe854078d1ac9338744f61a02 -> 
  custom:container-muxer-webm: aa71ff27fc2769a1b78a27578f13a17b -> 
  custom:video-decoder-webm-vp8: 9c59270c3fd7afecdb556c50c9e8de78 -> 
  custom:SearchIndexIgnoredProperties: e643bd26f0fe6173181afceb89e7c659 -> 
  custom:AudioImporter_EditorPlatform: d09bf68614088b80899f8185d706f6e7 -> 
  custom:video-encoder-webm-vp8: eb34c28f22e8b96e1ab97ce403110664 -> 
  custom:audio-decoder-ogg-vorbis: bf7c407c2cedff20999df2af8eb42d56 -> 
  custom:audio-encoder-webm-vorbis: bf7c407c2cedff20999df2af8eb42d56 -> 
========================================================================
Received Import Request.
  Time since last request: 7324.923648 seconds.
  path: Assets/Graphics/Enemies/Skeleton/Skeleton Walk.png
  artifactKey: Guid(4509734409304c84b8f787528d855437) Importer(815301076,1909f56bfc062723c751e8b465ee728b)
Start importing Assets/Graphics/Enemies/Skeleton/Skeleton Walk.png using Guid(4509734409304c84b8f787528d855437) Importer(815301076,1909f56bfc062723c751e8b465ee728b) [PhysX] Initialized MultithreadedTaskDispatcher with 16 workers.
[PhysX] Initialized MultithreadedTaskDispatcher with 16 workers.
 -> (artifact id: '6070508a2b1501222369be584c65fefb') in 0.424937 seconds
Number of updated asset objects reloaded before import = 0
Number of asset objects unloaded after import = 15
========================================================================
Received Import Request.
  Time since last request: 4680.548097 seconds.
  path: Assets/Graphics/Main Character/Sword+Aim+Throw.png
  artifactKey: Guid(c6177298f360d314495bba27f9950671) Importer(815301076,1909f56bfc062723c751e8b465ee728b)
Start importing Assets/Graphics/Main Character/Sword+Aim+Throw.png using Guid(c6177298f360d314495bba27f9950671) Importer(815301076,1909f56bfc062723c751e8b465ee728b) [PhysX] Initialized MultithreadedTaskDispatcher with 16 workers.
[PhysX] Initialized MultithreadedTaskDispatcher with 16 workers.
 -> (artifact id: '56716544c891651d7fa96b38cf1fdfec') in 0.221997 seconds
Number of updated asset objects reloaded before import = 0
Number of asset objects unloaded after import = 8
========================================================================
Received Import Request.
  Time since last request: 15.345818 seconds.
  path: Assets/Graphics/UI/artdecoUI_PIPO_green.png
  artifactKey: Guid(288775d1aa25875418a3f3fd7acb01f5) Importer(815301076,1909f56bfc062723c751e8b465ee728b)
Start importing Assets/Graphics/UI/artdecoUI_PIPO_green.png using Guid(288775d1aa25875418a3f3fd7acb01f5) Importer(815301076,1909f56bfc062723c751e8b465ee728b) [PhysX] Initialized MultithreadedTaskDispatcher with 16 workers.
[PhysX] Initialized MultithreadedTaskDispatcher with 16 workers.
 -> (artifact id: '1aa0d61c277333bdb6d8c4461f5a0785') in 0.090222 seconds
Number of updated asset objects reloaded before import = 0
Number of asset objects unloaded after import = 17
========================================================================
Received Import Request.
  Time since last request: 1.191465 seconds.
  path: Assets/Graphics/UI/artdecoUI_PIPO_wb.png
  artifactKey: Guid(05cde80bbd6c9484e9d631b053c1e502) Importer(815301076,1909f56bfc062723c751e8b465ee728b)
Start importing Assets/Graphics/UI/artdecoUI_PIPO_wb.png using Guid(05cde80bbd6c9484e9d631b053c1e502) Importer(815301076,1909f56bfc062723c751e8b465ee728b) [PhysX] Initialized MultithreadedTaskDispatcher with 16 workers.
[PhysX] Initialized MultithreadedTaskDispatcher with 16 workers.
 -> (artifact id: 'b4708d08076d4aaa6d28c44dddd36335') in 0.034827 seconds
Number of updated asset objects reloaded before import = 0
Number of asset objects unloaded after import = 4
========================================================================
Received Import Request.
  Time since last request: 0.317673 seconds.
  path: Assets/Graphics/UI/UIartdeco_PIPO_pack2_blue.png
  artifactKey: Guid(06fd15094bb880642ad553e6fbf81f5e) Importer(815301076,1909f56bfc062723c751e8b465ee728b)
Start importing Assets/Graphics/UI/UIartdeco_PIPO_pack2_blue.png using Guid(06fd15094bb880642ad553e6fbf81f5e) Importer(815301076,1909f56bfc062723c751e8b465ee728b) [PhysX] Initialized MultithreadedTaskDispatcher with 16 workers.
[PhysX] Initialized MultithreadedTaskDispatcher with 16 workers.
 -> (artifact id: '496a7621d28b02955715cc20a626718d') in 0.028900 seconds
Number of updated asset objects reloaded before import = 0
Number of asset objects unloaded after import = 3
========================================================================
Received Import Request.
  Time since last request: 0.000034 seconds.
  path: Assets/Graphics/UI/UIartdeco_PIPO_pack2_red.png
  artifactKey: Guid(e57c9d915ff304546b9c671761ccdc5c) Importer(815301076,1909f56bfc062723c751e8b465ee728b)
Start importing Assets/Graphics/UI/UIartdeco_PIPO_pack2_red.png using Guid(e57c9d915ff304546b9c671761ccdc5c) Importer(815301076,1909f56bfc062723c751e8b465ee728b) [PhysX] Initialized MultithreadedTaskDispatcher with 16 workers.
[PhysX] Initialized MultithreadedTaskDispatcher with 16 workers.
 -> (artifact id: '791d6288660d7651996c401c1e388d24') in 0.032428 seconds
Number of updated asset objects reloaded before import = 0
Number of asset objects unloaded after import = 3
========================================================================
Received Import Request.
  Time since last request: 0.000032 seconds.
  path: Assets/Graphics/UI/UI_background.png
  artifactKey: Guid(900a1527ede688546b67b9c82b8f4715) Importer(815301076,1909f56bfc062723c751e8b465ee728b)
Start importing Assets/Graphics/UI/UI_background.png using Guid(900a1527ede688546b67b9c82b8f4715) Importer(815301076,1909f56bfc062723c751e8b465ee728b) [PhysX] Initialized MultithreadedTaskDispatcher with 16 workers.
[PhysX] Initialized MultithreadedTaskDispatcher with 16 workers.
 -> (artifact id: '1edfa778bb47b01ad2978ddf22c82e26') in 0.018564 seconds
Number of updated asset objects reloaded before import = 0
Number of asset objects unloaded after import = 3
========================================================================
Received Import Request.
  Time since last request: 0.000079 seconds.
  path: Assets/Graphics/UI/artdecoUI_PIPO_red.png
  artifactKey: Guid(88636f72224a6124086177c8ceecde4e) Importer(815301076,1909f56bfc062723c751e8b465ee728b)
Start importing Assets/Graphics/UI/artdecoUI_PIPO_red.png using Guid(88636f72224a6124086177c8ceecde4e) Importer(815301076,1909f56bfc062723c751e8b465ee728b) [PhysX] Initialized MultithreadedTaskDispatcher with 16 workers.
[PhysX] Initialized MultithreadedTaskDispatcher with 16 workers.
 -> (artifact id: 'c1deb6688108fd992c220a2577c6ee1f') in 0.033478 seconds
Number of updated asset objects reloaded before import = 0
Number of asset objects unloaded after import = 3
========================================================================
Received Import Request.
  Time since last request: 9.963115 seconds.
  path: Assets/Graphics/Surroundings/Valley_Decor/fence_2.png
  artifactKey: Guid(6149cf5b192f435469bed5cf4452b89c) Importer(815301076,1909f56bfc062723c751e8b465ee728b)
Start importing Assets/Graphics/Surroundings/Valley_Decor/fence_2.png using Guid(6149cf5b192f435469bed5cf4452b89c) Importer(815301076,1909f56bfc062723c751e8b465ee728b) [PhysX] Initialized MultithreadedTaskDispatcher with 16 workers.
[PhysX] Initialized MultithreadedTaskDispatcher with 16 workers.
 -> (artifact id: 'a17d01ac70e5b3edfb3c43128d87ec07') in 0.024365 seconds
Number of updated asset objects reloaded before import = 0
Number of asset objects unloaded after import = 3
========================================================================
Received Import Request.
  Time since last request: 0.000049 seconds.
  path: Assets/Graphics/Surroundings/Valley_Decor/rock_3.png
  artifactKey: Guid(0a552fff71aacca449f42ce54bebfeb6) Importer(815301076,1909f56bfc062723c751e8b465ee728b)
Start importing Assets/Graphics/Surroundings/Valley_Decor/rock_3.png using Guid(0a552fff71aacca449f42ce54bebfeb6) Importer(815301076,1909f56bfc062723c751e8b465ee728b) [PhysX] Initialized MultithreadedTaskDispatcher with 16 workers.
[PhysX] Initialized MultithreadedTaskDispatcher with 16 workers.
 -> (artifact id: '1d488d887184e5290a98347d3b19292c') in 0.021547 seconds
Number of updated asset objects reloaded before import = 0
Number of asset objects unloaded after import = 3
========================================================================
Received Import Request.
  Time since last request: 0.000050 seconds.
  path: Assets/Graphics/Surroundings/Valley_Decor/grass_3.png
  artifactKey: Guid(b8166ba43f3ea9e478b82d25e17477a0) Importer(815301076,1909f56bfc062723c751e8b465ee728b)
Start importing Assets/Graphics/Surroundings/Valley_Decor/grass_3.png using Guid(b8166ba43f3ea9e478b82d25e17477a0) Importer(815301076,1909f56bfc062723c751e8b465ee728b) [PhysX] Initialized MultithreadedTaskDispatcher with 16 workers.
[PhysX] Initialized MultithreadedTaskDispatcher with 16 workers.
 -> (artifact id: '836459d7e06d614ae948b86cb71f13e3') in 0.023808 seconds
Number of updated asset objects reloaded before import = 0
Number of asset objects unloaded after import = 3
========================================================================
Received Import Request.
  Time since last request: 0.000040 seconds.
  path: Assets/Graphics/Surroundings/Valley_Decor/rock_1.png
  artifactKey: Guid(f4967c4025ee38d4cbf9d20efd574026) Importer(815301076,1909f56bfc062723c751e8b465ee728b)
Start importing Assets/Graphics/Surroundings/Valley_Decor/rock_1.png using Guid(f4967c4025ee38d4cbf9d20efd574026) Importer(815301076,1909f56bfc062723c751e8b465ee728b) [PhysX] Initialized MultithreadedTaskDispatcher with 16 workers.
[PhysX] Initialized MultithreadedTaskDispatcher with 16 workers.
 -> (artifact id: '49f92c6f7f326bad1b1095fa1710258a') in 0.021354 seconds
Number of updated asset objects reloaded before import = 0
Number of asset objects unloaded after import = 3
========================================================================
Received Import Request.
  Time since last request: 0.000059 seconds.
  path: Assets/Graphics/Surroundings/Valley_Decor/sign.png
  artifactKey: Guid(4a3856daac7219147ad0274f9e5a683c) Importer(815301076,1909f56bfc062723c751e8b465ee728b)
Start importing Assets/Graphics/Surroundings/Valley_Decor/sign.png using Guid(4a3856daac7219147ad0274f9e5a683c) Importer(815301076,1909f56bfc062723c751e8b465ee728b) [PhysX] Initialized MultithreadedTaskDispatcher with 16 workers.
[PhysX] Initialized MultithreadedTaskDispatcher with 16 workers.
 -> (artifact id: '6e41055bd1152f3b4e03785e1e66d962') in 0.021404 seconds
Number of updated asset objects reloaded before import = 0
Number of asset objects unloaded after import = 3
========================================================================
Received Import Request.
  Time since last request: 56.538054 seconds.
  path: Assets/Graphics/Surroundings/Medieval_Castle/Tiles/arch_2.png
  artifactKey: Guid(e304f0905b9817145925173225717182) Importer(815301076,1909f56bfc062723c751e8b465ee728b)
Start importing Assets/Graphics/Surroundings/Medieval_Castle/Tiles/arch_2.png using Guid(e304f0905b9817145925173225717182) Importer(815301076,1909f56bfc062723c751e8b465ee728b) [PhysX] Initialized MultithreadedTaskDispatcher with 16 workers.
[PhysX] Initialized MultithreadedTaskDispatcher with 16 workers.
 -> (artifact id: 'a062ab366a2c923e2013e3ba47b94838') in 0.014175 seconds
Number of updated asset objects reloaded before import = 0
Number of asset objects unloaded after import = 3
========================================================================
Received Import Request.
  Time since last request: 0.000032 seconds.
  path: Assets/Graphics/Surroundings/Medieval_Castle/Tiles/brick_1.png
  artifactKey: Guid(040f48108d434e942aa051e194f7af7a) Importer(815301076,1909f56bfc062723c751e8b465ee728b)
Start importing Assets/Graphics/Surroundings/Medieval_Castle/Tiles/brick_1.png using Guid(040f48108d434e942aa051e194f7af7a) Importer(815301076,1909f56bfc062723c751e8b465ee728b) [PhysX] Initialized MultithreadedTaskDispatcher with 16 workers.
[PhysX] Initialized MultithreadedTaskDispatcher with 16 workers.
 -> (artifact id: '323711201b536355eeca1df40065b51f') in 0.014135 seconds
Number of updated asset objects reloaded before import = 0
Number of asset objects unloaded after import = 3
========================================================================
Received Import Request.
  Time since last request: 0.000027 seconds.
  path: Assets/Graphics/Surroundings/Medieval_Castle/Tiles/ceiling_2.png
  artifactKey: Guid(a0f92ffd401f6ed44bd416e2e52add54) Importer(815301076,1909f56bfc062723c751e8b465ee728b)
Start importing Assets/Graphics/Surroundings/Medieval_Castle/Tiles/ceiling_2.png using Guid(a0f92ffd401f6ed44bd416e2e52add54) Importer(815301076,1909f56bfc062723c751e8b465ee728b) [PhysX] Initialized MultithreadedTaskDispatcher with 16 workers.
[PhysX] Initialized MultithreadedTaskDispatcher with 16 workers.
 -> (artifact id: '76dc81e169e9849cece15504e76a3976') in 0.023686 seconds
Number of updated asset objects reloaded before import = 0
Number of asset objects unloaded after import = 3
========================================================================
Received Import Request.
  Time since last request: 0.000030 seconds.
  path: Assets/Graphics/Surroundings/Medieval_Castle/Tiles/brick_15.png
  artifactKey: Guid(5f6f2b834f9bd7d44bd8eb3ef4bacb78) Importer(815301076,1909f56bfc062723c751e8b465ee728b)
Start importing Assets/Graphics/Surroundings/Medieval_Castle/Tiles/brick_15.png using Guid(5f6f2b834f9bd7d44bd8eb3ef4bacb78) Importer(815301076,1909f56bfc062723c751e8b465ee728b) [PhysX] Initialized MultithreadedTaskDispatcher with 16 workers.
[PhysX] Initialized MultithreadedTaskDispatcher with 16 workers.
 -> (artifact id: 'b1a1af0663752eb3153c7ef55dadcfd4') in 0.017495 seconds
Number of updated asset objects reloaded before import = 0
Number of asset objects unloaded after import = 3
========================================================================
Received Import Request.
  Time since last request: 0.000024 seconds.
  path: Assets/Graphics/Surroundings/Medieval_Castle/Tiles/brick_side_left_1.png
  artifactKey: Guid(aa3862d8737be4944907802e10279e62) Importer(815301076,1909f56bfc062723c751e8b465ee728b)
Start importing Assets/Graphics/Surroundings/Medieval_Castle/Tiles/brick_side_left_1.png using Guid(aa3862d8737be4944907802e10279e62) Importer(815301076,1909f56bfc062723c751e8b465ee728b) [PhysX] Initialized MultithreadedTaskDispatcher with 16 workers.
[PhysX] Initialized MultithreadedTaskDispatcher with 16 workers.
 -> (artifact id: 'f60ca56f77fb721ebdbb6e2815667452') in 0.020926 seconds
Number of updated asset objects reloaded before import = 0
Number of asset objects unloaded after import = 3
========================================================================
Received Import Request.
  Time since last request: 0.000024 seconds.
  path: Assets/Graphics/Surroundings/Medieval_Castle/Tiles/brick_4.png
  artifactKey: Guid(30e067ac12922c9459f43420a1a9b784) Importer(815301076,1909f56bfc062723c751e8b465ee728b)
Start importing Assets/Graphics/Surroundings/Medieval_Castle/Tiles/brick_4.png using Guid(30e067ac12922c9459f43420a1a9b784) Importer(815301076,1909f56bfc062723c751e8b465ee728b) [PhysX] Initialized MultithreadedTaskDispatcher with 16 workers.
[PhysX] Initialized MultithreadedTaskDispatcher with 16 workers.
 -> (artifact id: '01700e87b79b35cc99cf59eb202bdf93') in 0.018780 seconds
Number of updated asset objects reloaded before import = 0
Number of asset objects unloaded after import = 3
========================================================================
Received Import Request.
  Time since last request: 0.000032 seconds.
  path: Assets/Graphics/Surroundings/Medieval_Castle/Tiles/brick_9.png
  artifactKey: Guid(76fc3ecd247b1e049a125e5eeef95ec0) Importer(815301076,1909f56bfc062723c751e8b465ee728b)
Start importing Assets/Graphics/Surroundings/Medieval_Castle/Tiles/brick_9.png using Guid(76fc3ecd247b1e049a125e5eeef95ec0) Importer(815301076,1909f56bfc062723c751e8b465ee728b) [PhysX] Initialized MultithreadedTaskDispatcher with 16 workers.
[PhysX] Initialized MultithreadedTaskDispatcher with 16 workers.
 -> (artifact id: '23ed04319693d7f9d332f9f135724798') in 0.020984 seconds
Number of updated asset objects reloaded before import = 0
Number of asset objects unloaded after import = 3
========================================================================
Received Import Request.
  Time since last request: 0.000027 seconds.
  path: Assets/Graphics/Surroundings/Medieval_Castle/Tiles/ceiling_1.png
  artifactKey: Guid(a3036aee198b81844b0cd72f1d750767) Importer(815301076,1909f56bfc062723c751e8b465ee728b)
Start importing Assets/Graphics/Surroundings/Medieval_Castle/Tiles/ceiling_1.png using Guid(a3036aee198b81844b0cd72f1d750767) Importer(815301076,1909f56bfc062723c751e8b465ee728b) [PhysX] Initialized MultithreadedTaskDispatcher with 16 workers.
[PhysX] Initialized MultithreadedTaskDispatcher with 16 workers.
 -> (artifact id: '1625e092f0e09c36c00620c20d65997c') in 0.017036 seconds
Number of updated asset objects reloaded before import = 0
Number of asset objects unloaded after import = 3
========================================================================
Received Import Request.
  Time since last request: 0.000040 seconds.
  path: Assets/Graphics/Surroundings/Medieval_Castle/Tiles/blank.png
  artifactKey: Guid(7bae39282af46fa449bb7fd77041f40d) Importer(815301076,1909f56bfc062723c751e8b465ee728b)
Start importing Assets/Graphics/Surroundings/Medieval_Castle/Tiles/blank.png using Guid(7bae39282af46fa449bb7fd77041f40d) Importer(815301076,1909f56bfc062723c751e8b465ee728b) [PhysX] Initialized MultithreadedTaskDispatcher with 16 workers.
[PhysX] Initialized MultithreadedTaskDispatcher with 16 workers.
 -> (artifact id: '19e3fd2bd5fae4db0a64ddf3dc87577f') in 0.020332 seconds
Number of updated asset objects reloaded before import = 0
Number of asset objects unloaded after import = 3
========================================================================
Received Import Request.
  Time since last request: 3.232112 seconds.
  path: Assets/Graphics/Surroundings/Medieval_Castle/Tiles/column_3.png
  artifactKey: Guid(6f96e51e35b1f5843add46383d9ea0c4) Importer(815301076,1909f56bfc062723c751e8b465ee728b)
Start importing Assets/Graphics/Surroundings/Medieval_Castle/Tiles/column_3.png using Guid(6f96e51e35b1f5843add46383d9ea0c4) Importer(815301076,1909f56bfc062723c751e8b465ee728b) [PhysX] Initialized MultithreadedTaskDispatcher with 16 workers.
[PhysX] Initialized MultithreadedTaskDispatcher with 16 workers.
 -> (artifact id: '521a91bb8e2984abadb2c9ea3f110c50') in 0.025702 seconds
Number of updated asset objects reloaded before import = 0
Number of asset objects unloaded after import = 3
========================================================================
Received Import Request.
  Time since last request: 0.000041 seconds.
  path: Assets/Graphics/Surroundings/Medieval_Castle/Tiles/damaged_brick_4.png
  artifactKey: Guid(2756cc9e3198ace4882018e4c0253357) Importer(815301076,1909f56bfc062723c751e8b465ee728b)
Start importing Assets/Graphics/Surroundings/Medieval_Castle/Tiles/damaged_brick_4.png using Guid(2756cc9e3198ace4882018e4c0253357) Importer(815301076,1909f56bfc062723c751e8b465ee728b) [PhysX] Initialized MultithreadedTaskDispatcher with 16 workers.
[PhysX] Initialized MultithreadedTaskDispatcher with 16 workers.
 -> (artifact id: '457cb9198694283abbaa64e1bd3c30f2') in 0.015950 seconds
Number of updated asset objects reloaded before import = 0
Number of asset objects unloaded after import = 3
========================================================================
Received Import Request.
  Time since last request: 0.000035 seconds.
  path: Assets/Graphics/Surroundings/Medieval_Castle/Tiles/column_7.png
  artifactKey: Guid(59096f70d9fbf9b4bbb3d4344fdf3aa4) Importer(815301076,1909f56bfc062723c751e8b465ee728b)
Start importing Assets/Graphics/Surroundings/Medieval_Castle/Tiles/column_7.png using Guid(59096f70d9fbf9b4bbb3d4344fdf3aa4) Importer(815301076,1909f56bfc062723c751e8b465ee728b) [PhysX] Initialized MultithreadedTaskDispatcher with 16 workers.
[PhysX] Initialized MultithreadedTaskDispatcher with 16 workers.
 -> (artifact id: 'b0f15ffb274240d17d10b34d545ca3b6') in 0.018301 seconds
Number of updated asset objects reloaded before import = 0
Number of asset objects unloaded after import = 3
========================================================================
Received Import Request.
  Time since last request: 0.023603 seconds.
  path: Assets/Graphics/Surroundings/Medieval_Castle/Tiles/floor_tile_3.png
  artifactKey: Guid(afdae31bc81d124438bb1f81eae6040c) Importer(815301076,1909f56bfc062723c751e8b465ee728b)
Start importing Assets/Graphics/Surroundings/Medieval_Castle/Tiles/floor_tile_3.png using Guid(afdae31bc81d124438bb1f81eae6040c) Importer(815301076,1909f56bfc062723c751e8b465ee728b) [PhysX] Initialized MultithreadedTaskDispatcher with 16 workers.
[PhysX] Initialized MultithreadedTaskDispatcher with 16 workers.
 -> (artifact id: '756c5b12329efe6bacf981432f359455') in 0.014826 seconds
Number of updated asset objects reloaded before import = 0
Number of asset objects unloaded after import = 3
========================================================================
Received Import Request.
  Time since last request: 0.000028 seconds.
  path: Assets/Graphics/Surroundings/Medieval_Castle/Tiles/floor_tile_carpet_2.png
  artifactKey: Guid(85be1dce0299c4648a5579365f7b7043) Importer(815301076,1909f56bfc062723c751e8b465ee728b)
Start importing Assets/Graphics/Surroundings/Medieval_Castle/Tiles/floor_tile_carpet_2.png using Guid(85be1dce0299c4648a5579365f7b7043) Importer(815301076,1909f56bfc062723c751e8b465ee728b) [PhysX] Initialized MultithreadedTaskDispatcher with 16 workers.
[PhysX] Initialized MultithreadedTaskDispatcher with 16 workers.
 -> (artifact id: 'd562b9f7b87b9910fd445443702eaa92') in 0.022866 seconds
Number of updated asset objects reloaded before import = 0
Number of asset objects unloaded after import = 3
========================================================================
Received Import Request.
  Time since last request: 0.000018 seconds.
  path: Assets/Graphics/Surroundings/Medieval_Castle/Tiles/floor_tile_carpet_transition_1.png
  artifactKey: Guid(d596ca9ad1650574d94dfe28b7f56db2) Importer(815301076,1909f56bfc062723c751e8b465ee728b)
Start importing Assets/Graphics/Surroundings/Medieval_Castle/Tiles/floor_tile_carpet_transition_1.png using Guid(d596ca9ad1650574d94dfe28b7f56db2) Importer(815301076,1909f56bfc062723c751e8b465ee728b) [PhysX] Initialized MultithreadedTaskDispatcher with 16 workers.
[PhysX] Initialized MultithreadedTaskDispatcher with 16 workers.
 -> (artifact id: '8cdd599204525f6ac1dcc6165372abe3') in 0.020177 seconds
Number of updated asset objects reloaded before import = 0
Number of asset objects unloaded after import = 3
========================================================================
Received Import Request.
  Time since last request: 0.362341 seconds.
  path: Assets/Graphics/Surroundings/Medieval_Castle/Tiles/floor_tile_wood_carpet_transition_1.png
  artifactKey: Guid(63899952d16801348a1883f8cb1fd45e) Importer(815301076,1909f56bfc062723c751e8b465ee728b)
Start importing Assets/Graphics/Surroundings/Medieval_Castle/Tiles/floor_tile_wood_carpet_transition_1.png using Guid(63899952d16801348a1883f8cb1fd45e) Importer(815301076,1909f56bfc062723c751e8b465ee728b) [PhysX] Initialized MultithreadedTaskDispatcher with 16 workers.
[PhysX] Initialized MultithreadedTaskDispatcher with 16 workers.
 -> (artifact id: '219e9ecc92d3a24aeb895dc906443354') in 0.013560 seconds
Number of updated asset objects reloaded before import = 0
Number of asset objects unloaded after import = 3
========================================================================
Received Import Request.
  Time since last request: 0.000024 seconds.
  path: Assets/Graphics/Surroundings/Medieval_Castle/Tiles/floor_wood_2.png
  artifactKey: Guid(b6964c0e0dc1ba84c8cfb275f3ca3071) Importer(815301076,1909f56bfc062723c751e8b465ee728b)
Start importing Assets/Graphics/Surroundings/Medieval_Castle/Tiles/floor_wood_2.png using Guid(b6964c0e0dc1ba84c8cfb275f3ca3071) Importer(815301076,1909f56bfc062723c751e8b465ee728b) [PhysX] Initialized MultithreadedTaskDispatcher with 16 workers.
[PhysX] Initialized MultithreadedTaskDispatcher with 16 workers.
 -> (artifact id: '07b2f3a572ab794efeaba5ca430ae146') in 0.021478 seconds
Number of updated asset objects reloaded before import = 0
Number of asset objects unloaded after import = 3
========================================================================
Received Import Request.
  Time since last request: 0.000033 seconds.
  path: Assets/Graphics/Surroundings/Medieval_Castle/Tiles/floor_wood_carpet_2.png
  artifactKey: Guid(586d33d84cdf68245becf72eadd41656) Importer(815301076,1909f56bfc062723c751e8b465ee728b)
Start importing Assets/Graphics/Surroundings/Medieval_Castle/Tiles/floor_wood_carpet_2.png using Guid(586d33d84cdf68245becf72eadd41656) Importer(815301076,1909f56bfc062723c751e8b465ee728b) [PhysX] Initialized MultithreadedTaskDispatcher with 16 workers.
[PhysX] Initialized MultithreadedTaskDispatcher with 16 workers.
 -> (artifact id: '2cd95e95e00ac451a8de13703ef06c14') in 0.018182 seconds
Number of updated asset objects reloaded before import = 0
Number of asset objects unloaded after import = 3
========================================================================
Received Import Request.
  Time since last request: 0.004391 seconds.
  path: Assets/Graphics/Surroundings/Medieval_Castle/Tiles/floor_wood_carpet_corner_left.png
  artifactKey: Guid(e85acd94745a7a14baea98994f8261d3) Importer(815301076,1909f56bfc062723c751e8b465ee728b)
Start importing Assets/Graphics/Surroundings/Medieval_Castle/Tiles/floor_wood_carpet_corner_left.png using Guid(e85acd94745a7a14baea98994f8261d3) Importer(815301076,1909f56bfc062723c751e8b465ee728b) [PhysX] Initialized MultithreadedTaskDispatcher with 16 workers.
[PhysX] Initialized MultithreadedTaskDispatcher with 16 workers.
 -> (artifact id: 'da9333273aa5c513bd19b8f9a9ea4f09') in 0.012956 seconds
Number of updated asset objects reloaded before import = 0
Number of asset objects unloaded after import = 3
========================================================================
Received Import Request.
  Time since last request: 0.000024 seconds.
  path: Assets/Graphics/Surroundings/Medieval_Castle/Tiles/lion_column_5.png
  artifactKey: Guid(734cff3d334c21d4fb05bde8ecd88af2) Importer(815301076,1909f56bfc062723c751e8b465ee728b)
Start importing Assets/Graphics/Surroundings/Medieval_Castle/Tiles/lion_column_5.png using Guid(734cff3d334c21d4fb05bde8ecd88af2) Importer(815301076,1909f56bfc062723c751e8b465ee728b) [PhysX] Initialized MultithreadedTaskDispatcher with 16 workers.
[PhysX] Initialized MultithreadedTaskDispatcher with 16 workers.
 -> (artifact id: '6395880b79de7ccf9dbe89dfe00d7e07') in 0.014427 seconds
Number of updated asset objects reloaded before import = 0
Number of asset objects unloaded after import = 3
========================================================================
Received Import Request.
  Time since last request: 0.000023 seconds.
  path: Assets/Graphics/Surroundings/Medieval_Castle/Tiles/lion_column_2.png
  artifactKey: Guid(744dbe626ed63d4459752bad264adc73) Importer(815301076,1909f56bfc062723c751e8b465ee728b)
Start importing Assets/Graphics/Surroundings/Medieval_Castle/Tiles/lion_column_2.png using Guid(744dbe626ed63d4459752bad264adc73) Importer(815301076,1909f56bfc062723c751e8b465ee728b) [PhysX] Initialized MultithreadedTaskDispatcher with 16 workers.
[PhysX] Initialized MultithreadedTaskDispatcher with 16 workers.
 -> (artifact id: '0a395d8094fb0f14b584efeb1b263699') in 0.015530 seconds
Number of updated asset objects reloaded before import = 0
Number of asset objects unloaded after import = 3
========================================================================
Received Import Request.
  Time since last request: 0.000025 seconds.
  path: Assets/Graphics/Surroundings/Medieval_Castle/Tiles/platform_3.png
  artifactKey: Guid(8264cbb342b60cc4487e86479494a5f7) Importer(815301076,1909f56bfc062723c751e8b465ee728b)
Start importing Assets/Graphics/Surroundings/Medieval_Castle/Tiles/platform_3.png using Guid(8264cbb342b60cc4487e86479494a5f7) Importer(815301076,1909f56bfc062723c751e8b465ee728b) [PhysX] Initialized MultithreadedTaskDispatcher with 16 workers.
[PhysX] Initialized MultithreadedTaskDispatcher with 16 workers.
 -> (artifact id: '4559213812b429e1f55d59a6cb4980d2') in 0.013893 seconds
Number of updated asset objects reloaded before import = 0
Number of asset objects unloaded after import = 3
========================================================================
Received Import Request.
  Time since last request: 0.000049 seconds.
  path: Assets/Graphics/Surroundings/Medieval_Castle/Tiles/stairs_tile_2.png
  artifactKey: Guid(cf9f2c27f2f7383459c02f19e52d39f6) Importer(815301076,1909f56bfc062723c751e8b465ee728b)
Start importing Assets/Graphics/Surroundings/Medieval_Castle/Tiles/stairs_tile_2.png using Guid(cf9f2c27f2f7383459c02f19e52d39f6) Importer(815301076,1909f56bfc062723c751e8b465ee728b) [PhysX] Initialized MultithreadedTaskDispatcher with 16 workers.
[PhysX] Initialized MultithreadedTaskDispatcher with 16 workers.
 -> (artifact id: '4292f44c8541aafa5748503942d0edf4') in 0.016119 seconds
Number of updated asset objects reloaded before import = 0
Number of asset objects unloaded after import = 3
========================================================================
Received Import Request.
  Time since last request: 0.000063 seconds.
  path: Assets/Graphics/Surroundings/Medieval_Castle/Tiles/platform_wall_connection_left.png
  artifactKey: Guid(30badb793e820c644accc11e19696f59) Importer(815301076,1909f56bfc062723c751e8b465ee728b)
Start importing Assets/Graphics/Surroundings/Medieval_Castle/Tiles/platform_wall_connection_left.png using Guid(30badb793e820c644accc11e19696f59) Importer(815301076,1909f56bfc062723c751e8b465ee728b) [PhysX] Initialized MultithreadedTaskDispatcher with 16 workers.
[PhysX] Initialized MultithreadedTaskDispatcher with 16 workers.
 -> (artifact id: '62dee5bd078949e79778da4f689fd167') in 0.012746 seconds
Number of updated asset objects reloaded before import = 0
Number of asset objects unloaded after import = 3
========================================================================
Received Import Request.
  Time since last request: 0.000030 seconds.
  path: Assets/Graphics/Surroundings/Medieval_Castle/Tiles/stairs_tile_4.png
  artifactKey: Guid(ca516cb029cd96f48b0141b2fabfd1bc) Importer(815301076,1909f56bfc062723c751e8b465ee728b)
Start importing Assets/Graphics/Surroundings/Medieval_Castle/Tiles/stairs_tile_4.png using Guid(ca516cb029cd96f48b0141b2fabfd1bc) Importer(815301076,1909f56bfc062723c751e8b465ee728b) [PhysX] Initialized MultithreadedTaskDispatcher with 16 workers.
[PhysX] Initialized MultithreadedTaskDispatcher with 16 workers.
 -> (artifact id: 'b48bf641aa9c40ec733feb7e32b8e0ad') in 0.022209 seconds
Number of updated asset objects reloaded before import = 0
Number of asset objects unloaded after import = 3
========================================================================
Received Import Request.
  Time since last request: 0.000043 seconds.
  path: Assets/Graphics/Surroundings/Medieval_Castle/Tiles/floor_wood_corner_left.png
  artifactKey: Guid(bbb3f82ac9f6fda4683faf12e2d73d43) Importer(815301076,1909f56bfc062723c751e8b465ee728b)
Start importing Assets/Graphics/Surroundings/Medieval_Castle/Tiles/floor_wood_corner_left.png using Guid(bbb3f82ac9f6fda4683faf12e2d73d43) Importer(815301076,1909f56bfc062723c751e8b465ee728b) [PhysX] Initialized MultithreadedTaskDispatcher with 16 workers.
[PhysX] Initialized MultithreadedTaskDispatcher with 16 workers.
 -> (artifact id: 'f7f120b07c42e1cfd48c8332f3c6d7f2') in 0.015186 seconds
Number of updated asset objects reloaded before import = 0
Number of asset objects unloaded after import = 3
========================================================================
Received Import Request.
  Time since last request: 0.000030 seconds.
  path: Assets/Graphics/Surroundings/Medieval_Castle/Tiles/merlons_2.png
  artifactKey: Guid(14cbdc0474fdf5042992e199b73e4b55) Importer(815301076,1909f56bfc062723c751e8b465ee728b)
Start importing Assets/Graphics/Surroundings/Medieval_Castle/Tiles/merlons_2.png using Guid(14cbdc0474fdf5042992e199b73e4b55) Importer(815301076,1909f56bfc062723c751e8b465ee728b) [PhysX] Initialized MultithreadedTaskDispatcher with 16 workers.
[PhysX] Initialized MultithreadedTaskDispatcher with 16 workers.
 -> (artifact id: '9e8a97eb1c858171e2f680aa753f2946') in 0.017435 seconds
Number of updated asset objects reloaded before import = 0
Number of asset objects unloaded after import = 3
========================================================================
Received Import Request.
  Time since last request: 0.474220 seconds.
  path: Assets/Graphics/Surroundings/Medieval_Castle/Tiles/stairs_tile_carpet_2.png
  artifactKey: Guid(a275e35e61d96154ea471a1e47e0fb36) Importer(815301076,1909f56bfc062723c751e8b465ee728b)
Start importing Assets/Graphics/Surroundings/Medieval_Castle/Tiles/stairs_tile_carpet_2.png using Guid(a275e35e61d96154ea471a1e47e0fb36) Importer(815301076,1909f56bfc062723c751e8b465ee728b) [PhysX] Initialized MultithreadedTaskDispatcher with 16 workers.
[PhysX] Initialized MultithreadedTaskDispatcher with 16 workers.
 -> (artifact id: 'ae1a25d9a38fa1d411eb40299cb3f6d1') in 0.019894 seconds
Number of updated asset objects reloaded before import = 0
Number of asset objects unloaded after import = 3
========================================================================
Received Import Request.
  Time since last request: 0.000038 seconds.
  path: Assets/Graphics/Surroundings/Medieval_Castle/Tiles/stairs_wood_1.png
  artifactKey: Guid(69413864cdebab24981ba2c6877aedcd) Importer(815301076,1909f56bfc062723c751e8b465ee728b)
Start importing Assets/Graphics/Surroundings/Medieval_Castle/Tiles/stairs_wood_1.png using Guid(69413864cdebab24981ba2c6877aedcd) Importer(815301076,1909f56bfc062723c751e8b465ee728b) [PhysX] Initialized MultithreadedTaskDispatcher with 16 workers.
[PhysX] Initialized MultithreadedTaskDispatcher with 16 workers.
 -> (artifact id: '75cf80a63804f506ce8c98d5312852bf') in 0.016477 seconds
Number of updated asset objects reloaded before import = 0
Number of asset objects unloaded after import = 3
========================================================================
Received Import Request.
  Time since last request: 0.000049 seconds.
  path: Assets/Graphics/Surroundings/Medieval_Castle/Tiles/stairs_wood_carpet_3.png
  artifactKey: Guid(69b7457373e180f4fbe7fa359a656a99) Importer(815301076,1909f56bfc062723c751e8b465ee728b)
Start importing Assets/Graphics/Surroundings/Medieval_Castle/Tiles/stairs_wood_carpet_3.png using Guid(69b7457373e180f4fbe7fa359a656a99) Importer(815301076,1909f56bfc062723c751e8b465ee728b) [PhysX] Initialized MultithreadedTaskDispatcher with 16 workers.
[PhysX] Initialized MultithreadedTaskDispatcher with 16 workers.
 -> (artifact id: 'e10da8e7cd860d2ba98b3535998560a7') in 0.017482 seconds
Number of updated asset objects reloaded before import = 0
Number of asset objects unloaded after import = 3
========================================================================
Received Import Request.
  Time since last request: 0.005796 seconds.
  path: Assets/Graphics/Surroundings/Medieval_Castle/Tiles/tile_side_right.png
  artifactKey: Guid(90d10d4ec25a7e54f9becdea0c8dfef1) Importer(815301076,1909f56bfc062723c751e8b465ee728b)
Start importing Assets/Graphics/Surroundings/Medieval_Castle/Tiles/tile_side_right.png using Guid(90d10d4ec25a7e54f9becdea0c8dfef1) Importer(815301076,1909f56bfc062723c751e8b465ee728b) [PhysX] Initialized MultithreadedTaskDispatcher with 16 workers.
[PhysX] Initialized MultithreadedTaskDispatcher with 16 workers.
 -> (artifact id: 'a144cb5bd6eb7636fbb915b76ebcee60') in 0.016043 seconds
Number of updated asset objects reloaded before import = 0
Number of asset objects unloaded after import = 3
========================================================================
Received Import Request.
  Time since last request: 0.000042 seconds.
  path: Assets/Graphics/Surroundings/Medieval_Castle/Tiles/wall_4.png
  artifactKey: Guid(f316485197615cc42945d983a3466e4d) Importer(815301076,1909f56bfc062723c751e8b465ee728b)
Start importing Assets/Graphics/Surroundings/Medieval_Castle/Tiles/wall_4.png using Guid(f316485197615cc42945d983a3466e4d) Importer(815301076,1909f56bfc062723c751e8b465ee728b) [PhysX] Initialized MultithreadedTaskDispatcher with 16 workers.
[PhysX] Initialized MultithreadedTaskDispatcher with 16 workers.
 -> (artifact id: 'f485510798ab550e5070309cb58b9c43') in 0.021761 seconds
Number of updated asset objects reloaded before import = 0
Number of asset objects unloaded after import = 3
========================================================================
Received Import Request.
  Time since last request: 0.000023 seconds.
  path: Assets/Graphics/Surroundings/Medieval_Castle/Tiles/wall_5.png
  artifactKey: Guid(636d43db49409984bb6c26af74278d31) Importer(815301076,1909f56bfc062723c751e8b465ee728b)
Start importing Assets/Graphics/Surroundings/Medieval_Castle/Tiles/wall_5.png using Guid(636d43db49409984bb6c26af74278d31) Importer(815301076,1909f56bfc062723c751e8b465ee728b) [PhysX] Initialized MultithreadedTaskDispatcher with 16 workers.
[PhysX] Initialized MultithreadedTaskDispatcher with 16 workers.
 -> (artifact id: 'ee09dc649e2ff9e7ea91d794fa341eb5') in 0.020699 seconds
Number of updated asset objects reloaded before import = 0
Number of asset objects unloaded after import = 3
========================================================================
Received Prepare
Caller must complete domain reload
Begin MonoManager ReloadAssembly
- Loaded All Assemblies, in  1.089 seconds
Native extension for WindowsStandalone target not found
Native extension for WebGL target not found
Mono: successfully reloaded assembly
- Finished resetting the current domain, in  1.616 seconds
Domain Reload Profiling: 2696ms
	BeginReloadAssembly (304ms)
		ExecutionOrderSort (0ms)
		DisableScriptedObjects (26ms)
		BackupInstance (0ms)
		ReleaseScriptingObjects (0ms)
		CreateAndSetChildDomain (101ms)
	RebuildCommonClasses (35ms)
	RebuildNativeTypeToScriptingClass (11ms)
	initialDomainReloadingComplete (49ms)
	LoadAllAssembliesAndSetupDomain (679ms)
		LoadAssemblies (748ms)
		RebuildTransferFunctionScriptingTraits (0ms)
		AnalyzeDomain (62ms)
			TypeCache.Refresh (20ms)
				TypeCache.ScanAssembly (0ms)
			ScanForSourceGeneratedMonoScriptInfo (29ms)
			ResolveRequiredComponents (12ms)
	FinalizeReload (1616ms)
		ReleaseScriptCaches (0ms)
		RebuildScriptCaches (0ms)
		SetupLoadedEditorAssemblies (483ms)
			LogAssemblyErrors (0ms)
			InitializePlatformSupportModulesInManaged (8ms)
			SetLoadedEditorAssemblies (5ms)
			RefreshPlugins (0ms)
			BeforeProcessingInitializeOnLoad (89ms)
			ProcessInitializeOnLoadAttributes (311ms)
			ProcessInitializeOnLoadMethodAttributes (61ms)
			AfterProcessingInitializeOnLoad (9ms)
			EditorAssembliesLoaded (0ms)
		ExecutionOrderSort2 (0ms)
		AwakeInstancesAfterBackupRestoration (12ms)
Refreshing native plugins compatible for Editor in 8.88 ms, found 4 plugins.
Preloading 0 native plugins for Editor in 0.00 ms.
Unloading 5541 Unused Serialized files (Serialized files now loaded: 0)
Unloading 35 unused Assets / (0.9 MB). Loaded Objects now: 6231.
Memory consumption went from 198.0 MB to 197.2 MB.
Total: 5.833700 ms (FindLiveObjects: 0.437800 ms CreateObjectMapping: 0.235100 ms MarkObjects: 4.738300 ms  DeleteObjects: 0.421400 ms)

Prepare: number of updated asset objects reloaded= 0
AssetImportParameters requested are different than current active one (requested -> active):
  custom:container-demuxer-ogg: 62fdf1f143b41e24485cea50d1cbac27 -> 
  custom:video-decoder-ogg-theora: a1e56fd34408186e4bbccfd4996cb3dc -> 
  custom:framework-win-MediaFoundation: 216162199b28c13a410421893ffa2e32 -> 
  custom:CustomObjectIndexerAttribute: 72b91833f83ae208fae7752999fa3104 -> 
  custom:container-demuxer-webm: 4f35f7cbe854078d1ac9338744f61a02 -> 
  custom:container-muxer-webm: aa71ff27fc2769a1b78a27578f13a17b -> 
  custom:video-decoder-webm-vp8: 9c59270c3fd7afecdb556c50c9e8de78 -> 
  custom:SearchIndexIgnoredProperties: e643bd26f0fe6173181afceb89e7c659 -> 
  custom:AudioImporter_EditorPlatform: d09bf68614088b80899f8185d706f6e7 -> 
  custom:video-encoder-webm-vp8: eb34c28f22e8b96e1ab97ce403110664 -> 
  custom:scripting/monoscript/fileName/MyCamera.cs: 88280ef1b26e360ebba40b0b650043e0 -> ffb35564722d649b49832debed3d9a3a
  custom:audio-decoder-ogg-vorbis: bf7c407c2cedff20999df2af8eb42d56 -> 
  custom:audio-encoder-webm-vorbis: bf7c407c2cedff20999df2af8eb42d56 -> 
  custom:scripting/monoscript/fileName/CaballeroJaguar.cs: 47909e8ed523f89bb7b3b7ff0b929588 -> b3ae9bb241b3c5d729afea1a3e0d165e
  custom:scripting/precompiled-assembly-types:Assembly-CSharp: 26db1361ab34d7cade99ef4637fb7102 -> f1027f7448b47a42d306360b96eb562a
========================================================================
Received Prepare
Caller must complete domain reload
Begin MonoManager ReloadAssembly
- Loaded All Assemblies, in  0.670 seconds
Native extension for WindowsStandalone target not found
Native extension for WebGL target not found
Mono: successfully reloaded assembly
- Finished resetting the current domain, in  1.765 seconds
Domain Reload Profiling: 2427ms
	BeginReloadAssembly (193ms)
		ExecutionOrderSort (0ms)
		DisableScriptedObjects (10ms)
		BackupInstance (0ms)
		ReleaseScriptingObjects (0ms)
		CreateAndSetChildDomain (48ms)
	RebuildCommonClasses (36ms)
	RebuildNativeTypeToScriptingClass (12ms)
	initialDomainReloadingComplete (39ms)
	LoadAllAssembliesAndSetupDomain (380ms)
		LoadAssemblies (405ms)
		RebuildTransferFunctionScriptingTraits (0ms)
		AnalyzeDomain (69ms)
			TypeCache.Refresh (21ms)
				TypeCache.ScanAssembly (0ms)
			ScanForSourceGeneratedMonoScriptInfo (36ms)
			ResolveRequiredComponents (12ms)
	FinalizeReload (1766ms)
		ReleaseScriptCaches (0ms)
		RebuildScriptCaches (0ms)
		SetupLoadedEditorAssemblies (534ms)
			LogAssemblyErrors (0ms)
			InitializePlatformSupportModulesInManaged (7ms)
			SetLoadedEditorAssemblies (5ms)
			RefreshPlugins (0ms)
			BeforeProcessingInitializeOnLoad (91ms)
			ProcessInitializeOnLoadAttributes (337ms)
			ProcessInitializeOnLoadMethodAttributes (77ms)
			AfterProcessingInitializeOnLoad (16ms)
			EditorAssembliesLoaded (0ms)
		ExecutionOrderSort2 (0ms)
		AwakeInstancesAfterBackupRestoration (14ms)
Refreshing native plugins compatible for Editor in 8.55 ms, found 4 plugins.
Preloading 0 native plugins for Editor in 0.00 ms.
Unloading 5542 Unused Serialized files (Serialized files now loaded: 0)
Unloading 35 unused Assets / (0.9 MB). Loaded Objects now: 6237.
Memory consumption went from 198.1 MB to 197.2 MB.
Total: 9.251800 ms (FindLiveObjects: 1.359200 ms CreateObjectMapping: 1.191000 ms MarkObjects: 5.356000 ms  DeleteObjects: 1.340100 ms)

Prepare: number of updated asset objects reloaded= 0
AssetImportParameters requested are different than current active one (requested -> active):
  custom:container-demuxer-ogg: 62fdf1f143b41e24485cea50d1cbac27 -> 
  custom:video-decoder-ogg-theora: a1e56fd34408186e4bbccfd4996cb3dc -> 
  custom:framework-win-MediaFoundation: 216162199b28c13a410421893ffa2e32 -> 
  custom:CustomObjectIndexerAttribute: 72b91833f83ae208fae7752999fa3104 -> 
  custom:container-demuxer-webm: 4f35f7cbe854078d1ac9338744f61a02 -> 
  custom:container-muxer-webm: aa71ff27fc2769a1b78a27578f13a17b -> 
  custom:video-decoder-webm-vp8: 9c59270c3fd7afecdb556c50c9e8de78 -> 
  custom:SearchIndexIgnoredProperties: e643bd26f0fe6173181afceb89e7c659 -> 
  custom:AudioImporter_EditorPlatform: d09bf68614088b80899f8185d706f6e7 -> 
  custom:video-encoder-webm-vp8: eb34c28f22e8b96e1ab97ce403110664 -> 
  custom:scripting/monoscript/fileName/MyCamera.cs: 88280ef1b26e360ebba40b0b650043e0 -> ffb35564722d649b49832debed3d9a3a
  custom:audio-decoder-ogg-vorbis: bf7c407c2cedff20999df2af8eb42d56 -> 
  custom:scripting/monoscript/fileName/EnemyMove.cs: 96b646dbe4cb8470185f057cbf292fd8 -> 
  custom:audio-encoder-webm-vorbis: bf7c407c2cedff20999df2af8eb42d56 -> 
  custom:scripting/monoscript/fileName/CaballeroJaguar.cs: 47909e8ed523f89bb7b3b7ff0b929588 -> b3ae9bb241b3c5d729afea1a3e0d165e
  custom:scripting/precompiled-assembly-types:Assembly-CSharp: 8a30ae25e0f0b822424870768c342a52 -> f1027f7448b47a42d306360b96eb562a
