Using pre-set license
Built from '2022.3/staging' branch; Version is '2022.3.42f1 (2dcb6a0abc42) revision 3001194'; Using compiler version '192829333'; Build Type 'Release'
OS: 'Windows 11  (10.0.22631) 64bit CoreSingleLanguage' Language: 'es' Physical Memory: 12051 MB
BatchMode: 1, IsHumanControllingUs: 0, StartBugReporterOnCrash: 0, Is64bit: 1, IsPro: 1

COMMAND LINE ARGUMENTS:
C:\Program Files\Unity 2022.3.42f1\Editor\Unity.exe
-adb2
-batchMode
-noUpm
-name
AssetImportWorker1
-projectPath
C:/Users/ppmar/OneDrive/Documentos/Tonalli-Land-Of-Dead-/Tonalli Land Of Dead
-logFile
Logs/AssetImportWorker1.log
-srvPort
65216
Successfully changed project path to: C:/Users/ppmar/OneDrive/Documentos/Tonalli-Land-Of-Dead-/Tonalli Land Of Dead
C:/Users/ppmar/OneDrive/Documentos/Tonalli-Land-Of-Dead-/Tonalli Land Of Dead
[UnityMemory] Configuration Parameters - Can be set up in boot.config
    "memorysetup-bucket-allocator-granularity=16"
    "memorysetup-bucket-allocator-bucket-count=8"
    "memorysetup-bucket-allocator-block-size=33554432"
    "memorysetup-bucket-allocator-block-count=8"
    "memorysetup-main-allocator-block-size=16777216"
    "memorysetup-thread-allocator-block-size=16777216"
    "memorysetup-gfx-main-allocator-block-size=16777216"
    "memorysetup-gfx-thread-allocator-block-size=16777216"
    "memorysetup-cache-allocator-block-size=4194304"
    "memorysetup-typetree-allocator-block-size=2097152"
    "memorysetup-profiler-bucket-allocator-granularity=16"
    "memorysetup-profiler-bucket-allocator-bucket-count=8"
    "memorysetup-profiler-bucket-allocator-block-size=33554432"
    "memorysetup-profiler-bucket-allocator-block-count=8"
    "memorysetup-profiler-allocator-block-size=16777216"
    "memorysetup-profiler-editor-allocator-block-size=1048576"
    "memorysetup-temp-allocator-size-main=16777216"
    "memorysetup-job-temp-allocator-block-size=2097152"
    "memorysetup-job-temp-allocator-block-size-background=1048576"
    "memorysetup-job-temp-allocator-reduction-small-platforms=262144"
    "memorysetup-allocator-temp-initial-block-size-main=262144"
    "memorysetup-allocator-temp-initial-block-size-worker=262144"
    "memorysetup-temp-allocator-size-background-worker=32768"
    "memorysetup-temp-allocator-size-job-worker=262144"
    "memorysetup-temp-allocator-size-preload-manager=33554432"
    "memorysetup-temp-allocator-size-nav-mesh-worker=65536"
    "memorysetup-temp-allocator-size-audio-worker=65536"
    "memorysetup-temp-allocator-size-cloud-worker=32768"
    "memorysetup-temp-allocator-size-gi-baking-worker=262144"
    "memorysetup-temp-allocator-size-gfx=262144"
Player connection [8]  Target information:

Player connection [8]  * "[IP] 192.168.100.8 [Port] 0 [Flags] 2 [Guid] 3794279145 [EditorId] 3794279145 [Version] 1048832 [Id] WindowsEditor(7,ricardo) [Debug] 1 [PackageName] WindowsEditor [ProjectName] Editor" 

Player connection [8] Host joined multi-casting on [225.0.0.222:54997]...
Player connection [8] Host joined alternative multi-casting on [225.0.0.222:34997]...
[PhysX] Initialized MultithreadedTaskDispatcher with 16 workers.
Refreshing native plugins compatible for Editor in 294.67 ms, found 9 plugins.
Preloading 0 native plugins for Editor in 0.00 ms.
Initialize engine version: 2022.3.42f1 (2dcb6a0abc42)
[Subsystems] Discovering subsystems at path C:/Program Files/Unity 2022.3.42f1/Editor/Data/Resources/UnitySubsystems
[Subsystems] Discovering subsystems at path C:/Users/ppmar/OneDrive/Documentos/Tonalli-Land-Of-Dead-/Tonalli Land Of Dead/Assets
GfxDevice: creating device client; threaded=0; jobified=0
Direct3D:
    Version:  Direct3D 11.0 [level 11.1]
    Renderer: NVIDIA GeForce RTX 3050 Laptop GPU (ID=0x25a2)
    Vendor:   NVIDIA
    VRAM:     3991 MB
    Driver:   30.0.15.1274
Initialize mono
Mono path[0] = 'C:/Program Files/Unity 2022.3.42f1/Editor/Data/Managed'
Mono path[1] = 'C:/Program Files/Unity 2022.3.42f1/Editor/Data/MonoBleedingEdge/lib/mono/unityjit-win32'
Mono config path = 'C:/Program Files/Unity 2022.3.42f1/Editor/Data/MonoBleedingEdge/etc'
Using monoOptions --debugger-agent=transport=dt_socket,embedding=1,server=y,suspend=n,address=127.0.0.1:56068
Begin MonoManager ReloadAssembly
Registering precompiled unity dll's ...
Register platform support module: C:/Program Files/Unity 2022.3.42f1/Editor/Data/PlaybackEngines/WebGLSupport/UnityEditor.WebGL.Extensions.dll
Register platform support module: C:/Program Files/Unity 2022.3.42f1/Editor/Data/PlaybackEngines/WindowsStandaloneSupport/UnityEditor.WindowsStandalone.Extensions.dll
Registered in 0.060524 seconds.
- Loaded All Assemblies, in  2.719 seconds
Native extension for WindowsStandalone target not found
Native extension for WebGL target not found
Mono: successfully reloaded assembly
- Finished resetting the current domain, in  1.277 seconds
Domain Reload Profiling: 3967ms
	BeginReloadAssembly (1322ms)
		ExecutionOrderSort (1ms)
		DisableScriptedObjects (0ms)
		BackupInstance (0ms)
		ReleaseScriptingObjects (0ms)
		CreateAndSetChildDomain (22ms)
	RebuildCommonClasses (114ms)
	RebuildNativeTypeToScriptingClass (51ms)
	initialDomainReloadingComplete (693ms)
	LoadAllAssembliesAndSetupDomain (509ms)
		LoadAssemblies (1162ms)
		RebuildTransferFunctionScriptingTraits (0ms)
		AnalyzeDomain (493ms)
			TypeCache.Refresh (489ms)
				TypeCache.ScanAssembly (453ms)
			ScanForSourceGeneratedMonoScriptInfo (1ms)
			ResolveRequiredComponents (1ms)
	FinalizeReload (1278ms)
		ReleaseScriptCaches (0ms)
		RebuildScriptCaches (0ms)
		SetupLoadedEditorAssemblies (1149ms)
			LogAssemblyErrors (0ms)
			InitializePlatformSupportModulesInManaged (28ms)
			SetLoadedEditorAssemblies (13ms)
			RefreshPlugins (0ms)
			BeforeProcessingInitializeOnLoad (6ms)
			ProcessInitializeOnLoadAttributes (878ms)
			ProcessInitializeOnLoadMethodAttributes (222ms)
			AfterProcessingInitializeOnLoad (0ms)
			EditorAssembliesLoaded (0ms)
		ExecutionOrderSort2 (0ms)
		AwakeInstancesAfterBackupRestoration (0ms)
========================================================================
Worker process is ready to serve import requests
Caller must complete domain reload
Begin MonoManager ReloadAssembly
- Loaded All Assemblies, in  2.032 seconds
Native extension for WindowsStandalone target not found
Native extension for WebGL target not found
Mono: successfully reloaded assembly
- Finished resetting the current domain, in  1.900 seconds
Domain Reload Profiling: 3893ms
	BeginReloadAssembly (401ms)
		ExecutionOrderSort (0ms)
		DisableScriptedObjects (14ms)
		BackupInstance (0ms)
		ReleaseScriptingObjects (0ms)
		CreateAndSetChildDomain (46ms)
	RebuildCommonClasses (105ms)
	RebuildNativeTypeToScriptingClass (31ms)
	initialDomainReloadingComplete (124ms)
	LoadAllAssembliesAndSetupDomain (1330ms)
		LoadAssemblies (1110ms)
		RebuildTransferFunctionScriptingTraits (0ms)
		AnalyzeDomain (471ms)
			TypeCache.Refresh (390ms)
				TypeCache.ScanAssembly (356ms)
			ScanForSourceGeneratedMonoScriptInfo (60ms)
			ResolveRequiredComponents (19ms)
	FinalizeReload (1901ms)
		ReleaseScriptCaches (0ms)
		RebuildScriptCaches (0ms)
		SetupLoadedEditorAssemblies (1526ms)
			LogAssemblyErrors (0ms)
			InitializePlatformSupportModulesInManaged (13ms)
			SetLoadedEditorAssemblies (9ms)
			RefreshPlugins (0ms)
			BeforeProcessingInitializeOnLoad (199ms)
			ProcessInitializeOnLoadAttributes (898ms)
			ProcessInitializeOnLoadMethodAttributes (375ms)
			AfterProcessingInitializeOnLoad (30ms)
			EditorAssembliesLoaded (1ms)
		ExecutionOrderSort2 (0ms)
		AwakeInstancesAfterBackupRestoration (21ms)
Launched and connected shader compiler UnityShaderCompiler.exe after 0.11 seconds
Refreshing native plugins compatible for Editor in 41.35 ms, found 9 plugins.
Preloading 0 native plugins for Editor in 0.00 ms.
Unloading 6430 Unused Serialized files (Serialized files now loaded: 0)
Unloading 66 unused Assets / (1.5 MB). Loaded Objects now: 6883.
Memory consumption went from 235.6 MB to 234.1 MB.
Total: 9.051300 ms (FindLiveObjects: 0.872500 ms CreateObjectMapping: 0.690500 ms MarkObjects: 6.324900 ms  DeleteObjects: 1.160900 ms)

AssetImportParameters requested are different than current active one (requested -> active):
  custom:container-demuxer-ogg: 62fdf1f143b41e24485cea50d1cbac27 -> 
  custom:video-decoder-ogg-theora: a1e56fd34408186e4bbccfd4996cb3dc -> 
  custom:framework-win-MediaFoundation: 216162199b28c13a410421893ffa2e32 -> 
  custom:CustomObjectIndexerAttribute: 72b91833f83ae208fae7752999fa3104 -> 
  custom:container-demuxer-webm: 4f35f7cbe854078d1ac9338744f61a02 -> 
  custom:container-muxer-webm: aa71ff27fc2769a1b78a27578f13a17b -> 
  custom:video-decoder-webm-vp8: 9c59270c3fd7afecdb556c50c9e8de78 -> 
  custom:SearchIndexIgnoredProperties: e643bd26f0fe6173181afceb89e7c659 -> 
  custom:AudioImporter_EditorPlatform: d09bf68614088b80899f8185d706f6e7 -> 
  custom:video-encoder-webm-vp8: eb34c28f22e8b96e1ab97ce403110664 -> 
  custom:audio-decoder-ogg-vorbis: bf7c407c2cedff20999df2af8eb42d56 -> 
  custom:audio-encoder-webm-vorbis: bf7c407c2cedff20999df2af8eb42d56 -> 
========================================================================
Received Prepare
Caller must complete domain reload
Begin MonoManager ReloadAssembly
- Loaded All Assemblies, in  5.635 seconds
Native extension for WindowsStandalone target not found
Native extension for WebGL target not found
Mono: successfully reloaded assembly
- Finished resetting the current domain, in  1.354 seconds
Domain Reload Profiling: 6976ms
	BeginReloadAssembly (4855ms)
		ExecutionOrderSort (0ms)
		DisableScriptedObjects (4579ms)
		BackupInstance (0ms)
		ReleaseScriptingObjects (0ms)
		CreateAndSetChildDomain (73ms)
	RebuildCommonClasses (53ms)
	RebuildNativeTypeToScriptingClass (16ms)
	initialDomainReloadingComplete (66ms)
	LoadAllAssembliesAndSetupDomain (631ms)
		LoadAssemblies (683ms)
		RebuildTransferFunctionScriptingTraits (0ms)
		AnalyzeDomain (78ms)
			TypeCache.Refresh (16ms)
				TypeCache.ScanAssembly (0ms)
			ScanForSourceGeneratedMonoScriptInfo (39ms)
			ResolveRequiredComponents (22ms)
	FinalizeReload (1354ms)
		ReleaseScriptCaches (0ms)
		RebuildScriptCaches (0ms)
		SetupLoadedEditorAssemblies (968ms)
			LogAssemblyErrors (0ms)
			InitializePlatformSupportModulesInManaged (14ms)
			SetLoadedEditorAssemblies (10ms)
			RefreshPlugins (0ms)
			BeforeProcessingInitializeOnLoad (191ms)
			ProcessInitializeOnLoadAttributes (624ms)
			ProcessInitializeOnLoadMethodAttributes (108ms)
			AfterProcessingInitializeOnLoad (20ms)
			EditorAssembliesLoaded (1ms)
		ExecutionOrderSort2 (0ms)
		AwakeInstancesAfterBackupRestoration (19ms)
Refreshing native plugins compatible for Editor in 35.36 ms, found 9 plugins.
Preloading 0 native plugins for Editor in 0.00 ms.
Unloading 6288 Unused Serialized files (Serialized files now loaded: 0)
Unloading 39 unused Assets / (1.5 MB). Loaded Objects now: 6906.
Memory consumption went from 217.2 MB to 215.7 MB.
Total: 10.920200 ms (FindLiveObjects: 0.821600 ms CreateObjectMapping: 0.484600 ms MarkObjects: 8.276500 ms  DeleteObjects: 1.335200 ms)

Prepare: number of updated asset objects reloaded= 0
AssetImportParameters requested are different than current active one (requested -> active):
  custom:scripting/monoscript/fileName/PlayerDeathState.cs: f3d21f4cf401de8eaf7da6af37388619 -> 
  custom:container-demuxer-ogg: 62fdf1f143b41e24485cea50d1cbac27 -> 
  custom:scripting/monoscript/fileName/Main Menu.cs: c093076ba5753d7bec74a8a751ffb653 -> 
  custom:scripting/monoscript/fileName/EnemyCalavera.cs: 3027fb50d40f1a283cb8b323d8ee1089 -> 
  custom:scripting/monoscript/fileName/PlayerGroundedState.cs: 2cb8ef6eb433a79a16ff6bdc4503a3ad -> 
  custom:video-decoder-ogg-theora: a1e56fd34408186e4bbccfd4996cb3dc -> 
  custom:scripting/monoscript/fileName/PlayerIdleState.cs: bca0ca5ecdb64c9eca101586dbfd4597 -> 
  custom:framework-win-MediaFoundation: 216162199b28c13a410421893ffa2e32 -> 
  custom:scripting/monoscript/fileName/Trampa.cs: b61e05d270a677076bc9f0424b88e4c6 -> 
  custom:scripting/monoscript/fileName/PlayerMoveState.cs: 314b5289c022cc547c1d7b039ecdc06e -> 
  custom:CustomObjectIndexerAttribute: 72b91833f83ae208fae7752999fa3104 -> 
  custom:scripting/monoscript/fileName/HealthBar.cs: e02a13ebfecfefd70171c0594cf22391 -> 
  custom:scripting/monoscript/fileName/PlayerStateMachine.cs: acdbdc852f646c7b3363183db7c7ed52 -> 
  custom:container-demuxer-webm: 4f35f7cbe854078d1ac9338744f61a02 -> 
  custom:container-muxer-webm: aa71ff27fc2769a1b78a27578f13a17b -> 
  custom:scripting/monoscript/fileName/CheckPoint.cs: 9817e76e46ad9e670ee8662a36b4b6d0 -> 
  custom:video-decoder-webm-vp8: 9c59270c3fd7afecdb556c50c9e8de78 -> 
  custom:scripting/monoscript/fileName/PlayerState.cs: 3bde7eb517d480bb685c466e1839efbe -> 
  custom:SearchIndexIgnoredProperties: e643bd26f0fe6173181afceb89e7c659 -> 
  custom:scripting/monoscript/fileName/ItemCuración.cs: 4aacf1d316de70f904db8030b66c6907 -> 
  custom:AudioImporter_EditorPlatform: d09bf68614088b80899f8185d706f6e7 -> 
  custom:scripting/monoscript/fileName/PlayerWallJumpState.cs: 3a70aba0d2d38df7ba1fca5b9629fbde -> 
  custom:scripting/monoscript/fileName/Entity.cs: 8cac09fc90b4f4edb12c0296e8ef9416 -> 
  custom:scripting/monoscript/fileName/Moneda.cs: 98ee010133edf837c718a507b6000be6 -> 
  custom:scripting/monoscript/fileName/Pause Menu.cs: f5f409f6f97ee1b3b146d50574a93841 -> 
  custom:scripting/monoscript/fileName/MonsterEnemy.cs: 185f0942f69f608ab4331312348e0f52 -> 
  custom:scripting/monoscript/fileName/LifeController.cs: 53e129da15d4fd1d3d7734988b85603e -> 
  custom:scripting/monoscript/fileName/Checkpoint Manager.cs: ecef49eeccf75d7d0aa3fffe6d9b2b10 -> 
  custom:scripting/monoscript/fileName/FireBall.cs: 892bb10711e3130a5d53ceb9d3acda4b -> 
  custom:scripting/monoscript/fileName/PlayerJumpState.cs: 84becc66979a7f4d477a6d1f5c9efef6 -> 
  custom:video-encoder-webm-vp8: eb34c28f22e8b96e1ab97ce403110664 -> 
  custom:scripting/monoscript/fileName/MyCamera.cs: ffb35564722d649b49832debed3d9a3a -> 
  custom:audio-decoder-ogg-vorbis: bf7c407c2cedff20999df2af8eb42d56 -> 
  custom:scripting/monoscript/fileName/PlayerDashState.cs: fab935e8e8ec8769002cf437ec9eb4c4 -> 
  custom:scripting/monoscript/fileName/PlayerWallSlideState.cs: 7540ed7a8f3b8abcd864758eef0f5fd3 -> 
  custom:scripting/monoscript/fileName/ParallaxBG.cs: 60f35dee57f29e937f9a172bd291a113 -> 
  custom:scripting/monoscript/fileName/PlayerPrimaryAttackState.cs: 3073767bedd7c1ed50095884369ec41c -> 
  custom:scripting/monoscript/fileName/PlayerAnimationTriggers.cs: 764f38a1bef0d6afaf4f17cc66c2b136 -> 
  custom:audio-encoder-webm-vorbis: bf7c407c2cedff20999df2af8eb42d56 -> 
  custom:scripting/monoscript/fileName/AlmaErrante.cs: e4029fd1191f77bd01a16ab8ee7e2a41 -> 
  custom:scripting/monoscript/fileName/PlayerAirState.cs: c0d84f56c9399c7c78c71ff426c78f18 -> 
  custom:scripting/monoscript/fileName/CaballeroJaguar.cs: b3ae9bb241b3c5d729afea1a3e0d165e -> 
  custom:scripting/precompiled-assembly-types:Assembly-CSharp: 26db74f6100908e9acd7620669993019 -> 
========================================================================
Received Prepare
Caller must complete domain reload
Begin MonoManager ReloadAssembly
- Loaded All Assemblies, in  1.236 seconds
Native extension for WindowsStandalone target not found
Native extension for WebGL target not found
Mono: successfully reloaded assembly
- Finished resetting the current domain, in  4.008 seconds
Domain Reload Profiling: 5213ms
	BeginReloadAssembly (382ms)
		ExecutionOrderSort (0ms)
		DisableScriptedObjects (20ms)
		BackupInstance (0ms)
		ReleaseScriptingObjects (0ms)
		CreateAndSetChildDomain (76ms)
	RebuildCommonClasses (67ms)
	RebuildNativeTypeToScriptingClass (26ms)
	initialDomainReloadingComplete (88ms)
	LoadAllAssembliesAndSetupDomain (641ms)
		LoadAssemblies (785ms)
		RebuildTransferFunctionScriptingTraits (0ms)
		AnalyzeDomain (48ms)
			TypeCache.Refresh (14ms)
				TypeCache.ScanAssembly (0ms)
			ScanForSourceGeneratedMonoScriptInfo (1ms)
			ResolveRequiredComponents (30ms)
	FinalizeReload (4008ms)
		ReleaseScriptCaches (0ms)
		RebuildScriptCaches (0ms)
		SetupLoadedEditorAssemblies (1141ms)
			LogAssemblyErrors (0ms)
			InitializePlatformSupportModulesInManaged (12ms)
			SetLoadedEditorAssemblies (11ms)
			RefreshPlugins (0ms)
			BeforeProcessingInitializeOnLoad (228ms)
			ProcessInitializeOnLoadAttributes (738ms)
			ProcessInitializeOnLoadMethodAttributes (130ms)
			AfterProcessingInitializeOnLoad (20ms)
			EditorAssembliesLoaded (1ms)
		ExecutionOrderSort2 (0ms)
		AwakeInstancesAfterBackupRestoration (22ms)
Refreshing native plugins compatible for Editor in 36.59 ms, found 9 plugins.
Preloading 0 native plugins for Editor in 0.00 ms.
Unloading 6283 Unused Serialized files (Serialized files now loaded: 0)
Unloading 39 unused Assets / (1.5 MB). Loaded Objects now: 6923.
Memory consumption went from 216.0 MB to 214.5 MB.
Total: 7.116400 ms (FindLiveObjects: 0.779400 ms CreateObjectMapping: 0.535300 ms MarkObjects: 4.629800 ms  DeleteObjects: 1.169500 ms)

Prepare: number of updated asset objects reloaded= 0
AssetImportParameters requested are different than current active one (requested -> active):
  custom:scripting/monoscript/fileName/PlayerDeathState.cs: f3d21f4cf401de8eaf7da6af37388619 -> 
  custom:container-demuxer-ogg: 62fdf1f143b41e24485cea50d1cbac27 -> 
  custom:scripting/monoscript/fileName/Main Menu.cs: c093076ba5753d7bec74a8a751ffb653 -> 
  custom:scripting/monoscript/fileName/EnemyCalavera.cs: 3027fb50d40f1a283cb8b323d8ee1089 -> 
  custom:scripting/monoscript/fileName/PlayerGroundedState.cs: 2cb8ef6eb433a79a16ff6bdc4503a3ad -> 
  custom:video-decoder-ogg-theora: a1e56fd34408186e4bbccfd4996cb3dc -> 
  custom:scripting/monoscript/fileName/PlayerIdleState.cs: bca0ca5ecdb64c9eca101586dbfd4597 -> 
  custom:framework-win-MediaFoundation: 216162199b28c13a410421893ffa2e32 -> 
  custom:scripting/monoscript/fileName/Trampa.cs: b61e05d270a677076bc9f0424b88e4c6 -> 
  custom:scripting/monoscript/fileName/PlayerMoveState.cs: 314b5289c022cc547c1d7b039ecdc06e -> 
  custom:CustomObjectIndexerAttribute: 72b91833f83ae208fae7752999fa3104 -> 
  custom:scripting/monoscript/fileName/HealthBar.cs: e02a13ebfecfefd70171c0594cf22391 -> 
  custom:scripting/monoscript/fileName/PlayerStateMachine.cs: acdbdc852f646c7b3363183db7c7ed52 -> 
  custom:container-demuxer-webm: 4f35f7cbe854078d1ac9338744f61a02 -> 
  custom:container-muxer-webm: aa71ff27fc2769a1b78a27578f13a17b -> 
  custom:scripting/monoscript/fileName/CheckPoint.cs: 9817e76e46ad9e670ee8662a36b4b6d0 -> 
  custom:video-decoder-webm-vp8: 9c59270c3fd7afecdb556c50c9e8de78 -> 
  custom:scripting/monoscript/fileName/PlayerState.cs: 3bde7eb517d480bb685c466e1839efbe -> 
  custom:SearchIndexIgnoredProperties: e643bd26f0fe6173181afceb89e7c659 -> 
  custom:scripting/monoscript/fileName/ItemCuración.cs: 4aacf1d316de70f904db8030b66c6907 -> 
  custom:AudioImporter_EditorPlatform: d09bf68614088b80899f8185d706f6e7 -> 
  custom:scripting/monoscript/fileName/PlayerWallJumpState.cs: 3a70aba0d2d38df7ba1fca5b9629fbde -> 
  custom:scripting/monoscript/fileName/Entity.cs: 8cac09fc90b4f4edb12c0296e8ef9416 -> 
  custom:scripting/monoscript/fileName/Moneda.cs: 98ee010133edf837c718a507b6000be6 -> 
  custom:scripting/monoscript/fileName/Pause Menu.cs: f5f409f6f97ee1b3b146d50574a93841 -> 
  custom:scripting/monoscript/fileName/MonsterEnemy.cs: 185f0942f69f608ab4331312348e0f52 -> 
  custom:scripting/monoscript/fileName/LifeController.cs: 53e129da15d4fd1d3d7734988b85603e -> 
  custom:scripting/monoscript/fileName/Checkpoint Manager.cs: ecef49eeccf75d7d0aa3fffe6d9b2b10 -> 
  custom:scripting/monoscript/fileName/FireBall.cs: 892bb10711e3130a5d53ceb9d3acda4b -> 
  custom:scripting/monoscript/fileName/PlayerJumpState.cs: 84becc66979a7f4d477a6d1f5c9efef6 -> 
  custom:video-encoder-webm-vp8: eb34c28f22e8b96e1ab97ce403110664 -> 
  custom:scripting/monoscript/fileName/MyCamera.cs: ffb35564722d649b49832debed3d9a3a -> 
  custom:audio-decoder-ogg-vorbis: bf7c407c2cedff20999df2af8eb42d56 -> 
  custom:scripting/monoscript/fileName/PlayerDashState.cs: fab935e8e8ec8769002cf437ec9eb4c4 -> 
  custom:scripting/monoscript/fileName/PlayerWallSlideState.cs: 7540ed7a8f3b8abcd864758eef0f5fd3 -> 
  custom:scripting/monoscript/fileName/ParallaxBG.cs: 60f35dee57f29e937f9a172bd291a113 -> 
  custom:scripting/monoscript/fileName/PlayerPrimaryAttackState.cs: 3073767bedd7c1ed50095884369ec41c -> 
  custom:scripting/monoscript/fileName/PlayerAnimationTriggers.cs: 764f38a1bef0d6afaf4f17cc66c2b136 -> 
  custom:audio-encoder-webm-vorbis: bf7c407c2cedff20999df2af8eb42d56 -> 
  custom:scripting/monoscript/fileName/AlmaErrante.cs: e4029fd1191f77bd01a16ab8ee7e2a41 -> 
  custom:scripting/monoscript/fileName/PlayerAirState.cs: c0d84f56c9399c7c78c71ff426c78f18 -> 
  custom:scripting/monoscript/fileName/CaballeroJaguar.cs: b3ae9bb241b3c5d729afea1a3e0d165e -> 
  custom:scripting/precompiled-assembly-types:Assembly-CSharp: 26db74f6100908e9acd7620669993019 -> 
========================================================================
Received Import Request.
  Time since last request: 22721.576312 seconds.
  path: Assets/Scripts/Jugador/CaballeroJaguar.cs
  artifactKey: Guid(ca1381f2ec21ce74cbfdaa4d8d5469e0) Importer(815301076,1909f56bfc062723c751e8b465ee728b)
Start importing Assets/Scripts/Jugador/CaballeroJaguar.cs using Guid(ca1381f2ec21ce74cbfdaa4d8d5469e0) Importer(815301076,1909f56bfc062723c751e8b465ee728b) [PhysX] Initialized MultithreadedTaskDispatcher with 16 workers.
 -> (artifact id: 'ba96e23b8d369b77782ce1b7c8b3b177') in 0.005133 seconds
Number of updated asset objects reloaded before import = 0
Number of asset objects unloaded after import = 0
