Using pre-set license
Built from '2022.3/staging' branch; Version is '2022.3.42f1 (2dcb6a0abc42) revision 3001194'; Using compiler version '192829333'; Build Type 'Release'
OS: 'Windows 11  (10.0.22631) 64bit CoreSingleLanguage' Language: 'es' Physical Memory: 12051 MB
BatchMode: 1, IsHumanControllingUs: 0, StartBugReporterOnCrash: 0, Is64bit: 1, IsPro: 1

COMMAND LINE ARGUMENTS:
C:\Program Files\Unity 2022.3.42f1\Editor\Unity.exe
-adb2
-batchMode
-noUpm
-name
AssetImportWorker2
-projectPath
C:/Users/ppmar/OneDrive/Documentos/Tonalli-Land-Of-Dead-/Tonalli
-logFile
Logs/AssetImportWorker2.log
-srvPort
63889
Successfully changed project path to: C:/Users/ppmar/OneDrive/Documentos/Tonalli-Land-Of-Dead-/Tonalli
C:/Users/ppmar/OneDrive/Documentos/Tonalli-Land-Of-Dead-/Tonalli
[UnityMemory] Configuration Parameters - Can be set up in boot.config
    "memorysetup-bucket-allocator-granularity=16"
    "memorysetup-bucket-allocator-bucket-count=8"
    "memorysetup-bucket-allocator-block-size=33554432"
    "memorysetup-bucket-allocator-block-count=8"
    "memorysetup-main-allocator-block-size=16777216"
    "memorysetup-thread-allocator-block-size=16777216"
    "memorysetup-gfx-main-allocator-block-size=16777216"
    "memorysetup-gfx-thread-allocator-block-size=16777216"
    "memorysetup-cache-allocator-block-size=4194304"
    "memorysetup-typetree-allocator-block-size=2097152"
    "memorysetup-profiler-bucket-allocator-granularity=16"
    "memorysetup-profiler-bucket-allocator-bucket-count=8"
    "memorysetup-profiler-bucket-allocator-block-size=33554432"
    "memorysetup-profiler-bucket-allocator-block-count=8"
    "memorysetup-profiler-allocator-block-size=16777216"
    "memorysetup-profiler-editor-allocator-block-size=1048576"
    "memorysetup-temp-allocator-size-main=16777216"
    "memorysetup-job-temp-allocator-block-size=2097152"
    "memorysetup-job-temp-allocator-block-size-background=1048576"
    "memorysetup-job-temp-allocator-reduction-small-platforms=262144"
    "memorysetup-allocator-temp-initial-block-size-main=262144"
    "memorysetup-allocator-temp-initial-block-size-worker=262144"
    "memorysetup-temp-allocator-size-background-worker=32768"
    "memorysetup-temp-allocator-size-job-worker=262144"
    "memorysetup-temp-allocator-size-preload-manager=33554432"
    "memorysetup-temp-allocator-size-nav-mesh-worker=65536"
    "memorysetup-temp-allocator-size-audio-worker=65536"
    "memorysetup-temp-allocator-size-cloud-worker=32768"
    "memorysetup-temp-allocator-size-gi-baking-worker=262144"
    "memorysetup-temp-allocator-size-gfx=262144"
Player connection [4512]  Target information:

Player connection [4512]  * "[IP] 192.168.50.245 [Port] 0 [Flags] 2 [Guid] 2915018462 [EditorId] 2915018462 [Version] 1048832 [Id] WindowsEditor(7,ricardo) [Debug] 1 [PackageName] WindowsEditor [ProjectName] Editor" 

Player connection [4512] Host joined multi-casting on [225.0.0.222:54997]...
Player connection [4512] Host joined alternative multi-casting on [225.0.0.222:34997]...
[PhysX] Initialized MultithreadedTaskDispatcher with 16 workers.
Refreshing native plugins compatible for Editor in 22.29 ms, found 4 plugins.
Preloading 0 native plugins for Editor in 0.00 ms.
Initialize engine version: 2022.3.42f1 (2dcb6a0abc42)
[Subsystems] Discovering subsystems at path C:/Program Files/Unity 2022.3.42f1/Editor/Data/Resources/UnitySubsystems
[Subsystems] Discovering subsystems at path C:/Users/ppmar/OneDrive/Documentos/Tonalli-Land-Of-Dead-/Tonalli/Assets
GfxDevice: creating device client; threaded=0; jobified=0
Direct3D:
    Version:  Direct3D 11.0 [level 11.1]
    Renderer: NVIDIA GeForce RTX 3050 Laptop GPU (ID=0x25a2)
    Vendor:   NVIDIA
    VRAM:     3991 MB
    Driver:   30.0.15.1274
Initialize mono
Mono path[0] = 'C:/Program Files/Unity 2022.3.42f1/Editor/Data/Managed'
Mono path[1] = 'C:/Program Files/Unity 2022.3.42f1/Editor/Data/MonoBleedingEdge/lib/mono/unityjit-win32'
Mono config path = 'C:/Program Files/Unity 2022.3.42f1/Editor/Data/MonoBleedingEdge/etc'
Using monoOptions --debugger-agent=transport=dt_socket,embedding=1,server=y,suspend=n,address=127.0.0.1:56764
Begin MonoManager ReloadAssembly
Registering precompiled unity dll's ...
Register platform support module: C:/Program Files/Unity 2022.3.42f1/Editor/Data/PlaybackEngines/WebGLSupport/UnityEditor.WebGL.Extensions.dll
Register platform support module: C:/Program Files/Unity 2022.3.42f1/Editor/Data/PlaybackEngines/WindowsStandaloneSupport/UnityEditor.WindowsStandalone.Extensions.dll
Registered in 0.012909 seconds.
- Loaded All Assemblies, in  0.552 seconds
Native extension for WindowsStandalone target not found
Native extension for WebGL target not found
Mono: successfully reloaded assembly
- Finished resetting the current domain, in  0.326 seconds
Domain Reload Profiling: 867ms
	BeginReloadAssembly (170ms)
		ExecutionOrderSort (0ms)
		DisableScriptedObjects (0ms)
		BackupInstance (0ms)
		ReleaseScriptingObjects (0ms)
		CreateAndSetChildDomain (1ms)
	RebuildCommonClasses (45ms)
	RebuildNativeTypeToScriptingClass (15ms)
	initialDomainReloadingComplete (100ms)
	LoadAllAssembliesAndSetupDomain (210ms)
		LoadAssemblies (163ms)
		RebuildTransferFunctionScriptingTraits (0ms)
		AnalyzeDomain (206ms)
			TypeCache.Refresh (203ms)
				TypeCache.ScanAssembly (181ms)
			ScanForSourceGeneratedMonoScriptInfo (0ms)
			ResolveRequiredComponents (1ms)
	FinalizeReload (327ms)
		ReleaseScriptCaches (0ms)
		RebuildScriptCaches (0ms)
		SetupLoadedEditorAssemblies (273ms)
			LogAssemblyErrors (0ms)
			InitializePlatformSupportModulesInManaged (12ms)
			SetLoadedEditorAssemblies (6ms)
			RefreshPlugins (0ms)
			BeforeProcessingInitializeOnLoad (3ms)
			ProcessInitializeOnLoadAttributes (190ms)
			ProcessInitializeOnLoadMethodAttributes (61ms)
			AfterProcessingInitializeOnLoad (0ms)
			EditorAssembliesLoaded (0ms)
		ExecutionOrderSort2 (0ms)
		AwakeInstancesAfterBackupRestoration (0ms)
========================================================================
Worker process is ready to serve import requests
Caller must complete domain reload
Begin MonoManager ReloadAssembly
- Loaded All Assemblies, in  1.084 seconds
Native extension for WindowsStandalone target not found
Native extension for WebGL target not found
Mono: successfully reloaded assembly
- Finished resetting the current domain, in  0.794 seconds
Domain Reload Profiling: 1869ms
	BeginReloadAssembly (189ms)
		ExecutionOrderSort (0ms)
		DisableScriptedObjects (5ms)
		BackupInstance (0ms)
		ReleaseScriptingObjects (1ms)
		CreateAndSetChildDomain (31ms)
	RebuildCommonClasses (47ms)
	RebuildNativeTypeToScriptingClass (10ms)
	initialDomainReloadingComplete (58ms)
	LoadAllAssembliesAndSetupDomain (770ms)
		LoadAssemblies (596ms)
		RebuildTransferFunctionScriptingTraits (0ms)
		AnalyzeDomain (287ms)
			TypeCache.Refresh (237ms)
				TypeCache.ScanAssembly (208ms)
			ScanForSourceGeneratedMonoScriptInfo (36ms)
			ResolveRequiredComponents (12ms)
	FinalizeReload (794ms)
		ReleaseScriptCaches (0ms)
		RebuildScriptCaches (0ms)
		SetupLoadedEditorAssemblies (614ms)
			LogAssemblyErrors (0ms)
			InitializePlatformSupportModulesInManaged (8ms)
			SetLoadedEditorAssemblies (4ms)
			RefreshPlugins (0ms)
			BeforeProcessingInitializeOnLoad (105ms)
			ProcessInitializeOnLoadAttributes (395ms)
			ProcessInitializeOnLoadMethodAttributes (91ms)
			AfterProcessingInitializeOnLoad (10ms)
			EditorAssembliesLoaded (0ms)
		ExecutionOrderSort2 (0ms)
		AwakeInstancesAfterBackupRestoration (7ms)
Launched and connected shader compiler UnityShaderCompiler.exe after 0.11 seconds
Refreshing native plugins compatible for Editor in 13.68 ms, found 4 plugins.
Preloading 0 native plugins for Editor in 0.00 ms.
Unloading 5782 Unused Serialized files (Serialized files now loaded: 0)
Unloading 33 unused Assets / (347.1 KB). Loaded Objects now: 6251.
Memory consumption went from 221.8 MB to 221.5 MB.
Total: 5.903000 ms (FindLiveObjects: 0.728700 ms CreateObjectMapping: 0.451100 ms MarkObjects: 4.463700 ms  DeleteObjects: 0.257700 ms)

AssetImportParameters requested are different than current active one (requested -> active):
  custom:container-demuxer-ogg: 62fdf1f143b41e24485cea50d1cbac27 -> 
  custom:video-decoder-ogg-theora: a1e56fd34408186e4bbccfd4996cb3dc -> 
  custom:framework-win-MediaFoundation: 216162199b28c13a410421893ffa2e32 -> 
  custom:CustomObjectIndexerAttribute: 72b91833f83ae208fae7752999fa3104 -> 
  custom:container-demuxer-webm: 4f35f7cbe854078d1ac9338744f61a02 -> 
  custom:container-muxer-webm: aa71ff27fc2769a1b78a27578f13a17b -> 
  custom:video-decoder-webm-vp8: 9c59270c3fd7afecdb556c50c9e8de78 -> 
  custom:SearchIndexIgnoredProperties: e643bd26f0fe6173181afceb89e7c659 -> 
  custom:AudioImporter_EditorPlatform: d09bf68614088b80899f8185d706f6e7 -> 
  custom:video-encoder-webm-vp8: eb34c28f22e8b96e1ab97ce403110664 -> 
  custom:audio-decoder-ogg-vorbis: bf7c407c2cedff20999df2af8eb42d56 -> 
  custom:audio-encoder-webm-vorbis: bf7c407c2cedff20999df2af8eb42d56 -> 
========================================================================
Received Import Request.
  Time since last request: 262974.361119 seconds.
  path: Assets/Arte General/2D Platformer Assets
  artifactKey: Guid(8a46c726a3286ec4fb9beaf8203f36b2) Importer(815301076,1909f56bfc062723c751e8b465ee728b)
Start importing Assets/Arte General/2D Platformer Assets using Guid(8a46c726a3286ec4fb9beaf8203f36b2) Importer(815301076,1909f56bfc062723c751e8b465ee728b) [PhysX] Initialized MultithreadedTaskDispatcher with 16 workers.
 -> (artifact id: '08dd866df668587181548671084ef613') in 0.005292 seconds
Number of updated asset objects reloaded before import = 0
Number of asset objects unloaded after import = 0
========================================================================
Received Import Request.
  Time since last request: 0.535408 seconds.
  path: Assets/Arte General/2D Platformer Assets/Graphics
  artifactKey: Guid(75c810de16a0ee84fbb6e24f55502cf7) Importer(815301076,1909f56bfc062723c751e8b465ee728b)
Start importing Assets/Arte General/2D Platformer Assets/Graphics using Guid(75c810de16a0ee84fbb6e24f55502cf7) Importer(815301076,1909f56bfc062723c751e8b465ee728b) [PhysX] Initialized MultithreadedTaskDispatcher with 16 workers.
 -> (artifact id: '4f19dff19bd4ca402f58fa0a8e4c0019') in 0.001846 seconds
Number of updated asset objects reloaded before import = 0
Number of asset objects unloaded after import = 0
========================================================================
Received Import Request.
  Time since last request: 0.472531 seconds.
  path: Assets/Arte General/2D Platformer Assets/Graphics/Boss
  artifactKey: Guid(c56e038cf5897a945802c4c0c3b60f90) Importer(815301076,1909f56bfc062723c751e8b465ee728b)
Start importing Assets/Arte General/2D Platformer Assets/Graphics/Boss using Guid(c56e038cf5897a945802c4c0c3b60f90) Importer(815301076,1909f56bfc062723c751e8b465ee728b) [PhysX] Initialized MultithreadedTaskDispatcher with 16 workers.
 -> (artifact id: '599f7e98126715c76a870911b9b46ed2') in 0.001550 seconds
Number of updated asset objects reloaded before import = 0
Number of asset objects unloaded after import = 0
========================================================================
Received Import Request.
  Time since last request: 0.041959 seconds.
  path: Assets/Arte General/2D Platformer Assets/Graphics/Boss/Tank_Big_Boss.png
  artifactKey: Guid(693315c69ea86c84382fcc341e6f4ee7) Importer(815301076,1909f56bfc062723c751e8b465ee728b)
Start importing Assets/Arte General/2D Platformer Assets/Graphics/Boss/Tank_Big_Boss.png using Guid(693315c69ea86c84382fcc341e6f4ee7) Importer(815301076,1909f56bfc062723c751e8b465ee728b) [PhysX] Initialized MultithreadedTaskDispatcher with 16 workers.
[PhysX] Initialized MultithreadedTaskDispatcher with 16 workers.
 -> (artifact id: 'c3014b7772c652c6ddb557d6db3ff96c') in 0.183956 seconds
Number of updated asset objects reloaded before import = 0
Number of asset objects unloaded after import = 19
========================================================================
Received Import Request.
  Time since last request: 24.227343 seconds.
  path: Assets/Arte General/_Udemy Metroidvania Assets
  artifactKey: Guid(a149da64eac6f4645904d1fa17f86501) Importer(815301076,1909f56bfc062723c751e8b465ee728b)
Start importing Assets/Arte General/_Udemy Metroidvania Assets using Guid(a149da64eac6f4645904d1fa17f86501) Importer(815301076,1909f56bfc062723c751e8b465ee728b) [PhysX] Initialized MultithreadedTaskDispatcher with 16 workers.
 -> (artifact id: 'fa446882f091fd312a2eca12d1dd944d') in 0.003438 seconds
Number of updated asset objects reloaded before import = 0
Number of asset objects unloaded after import = 0
========================================================================
Received Import Request.
  Time since last request: 0.651898 seconds.
  path: Assets/Arte General/_Udemy Metroidvania Assets/Art
  artifactKey: Guid(2eb0208e6b145cd40b8fbc17cf0578a8) Importer(815301076,1909f56bfc062723c751e8b465ee728b)
Start importing Assets/Arte General/_Udemy Metroidvania Assets/Art using Guid(2eb0208e6b145cd40b8fbc17cf0578a8) Importer(815301076,1909f56bfc062723c751e8b465ee728b) [PhysX] Initialized MultithreadedTaskDispatcher with 16 workers.
 -> (artifact id: 'c838b7441c64c5b914dd2c63d2447302') in 0.003341 seconds
Number of updated asset objects reloaded before import = 0
Number of asset objects unloaded after import = 0
========================================================================
Received Import Request.
  Time since last request: 0.603179 seconds.
  path: Assets/Arte General/_Udemy Metroidvania Assets/Art/Ansimuz
  artifactKey: Guid(b1911707ca0bea240b3f97ef03865a8c) Importer(815301076,1909f56bfc062723c751e8b465ee728b)
Start importing Assets/Arte General/_Udemy Metroidvania Assets/Art/Ansimuz using Guid(b1911707ca0bea240b3f97ef03865a8c) Importer(815301076,1909f56bfc062723c751e8b465ee728b) [PhysX] Initialized MultithreadedTaskDispatcher with 16 workers.
 -> (artifact id: '45ca5dcd4fa0c1a769f0f210d713358a') in 0.003313 seconds
Number of updated asset objects reloaded before import = 0
Number of asset objects unloaded after import = 0
========================================================================
Received Import Request.
  Time since last request: 0.578816 seconds.
  path: Assets/Arte General/_Udemy Metroidvania Assets/Art/Ansimuz/Ghost
  artifactKey: Guid(09b030980f847234ba3635c4cc2f2472) Importer(815301076,1909f56bfc062723c751e8b465ee728b)
Start importing Assets/Arte General/_Udemy Metroidvania Assets/Art/Ansimuz/Ghost using Guid(09b030980f847234ba3635c4cc2f2472) Importer(815301076,1909f56bfc062723c751e8b465ee728b) [PhysX] Initialized MultithreadedTaskDispatcher with 16 workers.
 -> (artifact id: 'e218920ec561472636b7763d9521682e') in 0.002474 seconds
Number of updated asset objects reloaded before import = 0
Number of asset objects unloaded after import = 0
========================================================================
Received Import Request.
  Time since last request: 0.036558 seconds.
  path: Assets/Arte General/_Udemy Metroidvania Assets/Art/Ansimuz/Ghost/fire-ball.png
  artifactKey: Guid(d762e3f43ad23c546ae0c3f2d6a4444a) Importer(815301076,1909f56bfc062723c751e8b465ee728b)
Start importing Assets/Arte General/_Udemy Metroidvania Assets/Art/Ansimuz/Ghost/fire-ball.png using Guid(d762e3f43ad23c546ae0c3f2d6a4444a) Importer(815301076,1909f56bfc062723c751e8b465ee728b) [PhysX] Initialized MultithreadedTaskDispatcher with 16 workers.
[PhysX] Initialized MultithreadedTaskDispatcher with 16 workers.
 -> (artifact id: 'd36e696aa5f811bf53009d50934836a6') in 0.040110 seconds
Number of updated asset objects reloaded before import = 0
Number of asset objects unloaded after import = 5
========================================================================
Received Import Request.
  Time since last request: 0.000093 seconds.
  path: Assets/Arte General/_Udemy Metroidvania Assets/Art/Ansimuz/Ghost/ghost-vanish.png
  artifactKey: Guid(088ef073608cd0b4f813e63957e4f58c) Importer(815301076,1909f56bfc062723c751e8b465ee728b)
Start importing Assets/Arte General/_Udemy Metroidvania Assets/Art/Ansimuz/Ghost/ghost-vanish.png using Guid(088ef073608cd0b4f813e63957e4f58c) Importer(815301076,1909f56bfc062723c751e8b465ee728b) [PhysX] Initialized MultithreadedTaskDispatcher with 16 workers.
[PhysX] Initialized MultithreadedTaskDispatcher with 16 workers.
 -> (artifact id: 'fdfeadfdcdebdfde604c7422fabdb8c2') in 0.066550 seconds
Number of updated asset objects reloaded before import = 0
Number of asset objects unloaded after import = 9
========================================================================
Received Import Request.
  Time since last request: 9.313503 seconds.
  path: Assets/Arte General/Bringer-Of-Death
  artifactKey: Guid(32dea0795e199244a84ef9304b3d2626) Importer(815301076,1909f56bfc062723c751e8b465ee728b)
Start importing Assets/Arte General/Bringer-Of-Death using Guid(32dea0795e199244a84ef9304b3d2626) Importer(815301076,1909f56bfc062723c751e8b465ee728b) [PhysX] Initialized MultithreadedTaskDispatcher with 16 workers.
 -> (artifact id: '44832af3128c7507b4b6e2c31f5615a2') in 0.002489 seconds
Number of updated asset objects reloaded before import = 0
Number of asset objects unloaded after import = 0
========================================================================
Received Import Request.
  Time since last request: 1.408683 seconds.
  path: Assets/Arte General/Bringer-Of-Death/Individual Sprite
  artifactKey: Guid(8ed99389a314e7f4ab40ea2954bf6602) Importer(815301076,1909f56bfc062723c751e8b465ee728b)
Start importing Assets/Arte General/Bringer-Of-Death/Individual Sprite using Guid(8ed99389a314e7f4ab40ea2954bf6602) Importer(815301076,1909f56bfc062723c751e8b465ee728b) [PhysX] Initialized MultithreadedTaskDispatcher with 16 workers.
 -> (artifact id: '8f015e5b855c875c228c4f61d3499674') in 0.002078 seconds
Number of updated asset objects reloaded before import = 0
Number of asset objects unloaded after import = 0
========================================================================
Received Import Request.
  Time since last request: 5.956971 seconds.
  path: Assets/Arte General/Bringer-Of-Death/SpriteSheet
  artifactKey: Guid(fa09f33c3a510b146a70205fab7d96c4) Importer(815301076,1909f56bfc062723c751e8b465ee728b)
Start importing Assets/Arte General/Bringer-Of-Death/SpriteSheet using Guid(fa09f33c3a510b146a70205fab7d96c4) Importer(815301076,1909f56bfc062723c751e8b465ee728b) [PhysX] Initialized MultithreadedTaskDispatcher with 16 workers.
 -> (artifact id: '65e286a31e36d2b7e61b79f7f58c5f97') in 0.003969 seconds
Number of updated asset objects reloaded before import = 0
Number of asset objects unloaded after import = 0
========================================================================
Received Import Request.
  Time since last request: 0.041134 seconds.
  path: Assets/Arte General/Bringer-Of-Death/SpriteSheet/Bringer-of-Death-SpritSheet.png
  artifactKey: Guid(514c4c325f8721e4992501438f290a49) Importer(815301076,1909f56bfc062723c751e8b465ee728b)
Start importing Assets/Arte General/Bringer-Of-Death/SpriteSheet/Bringer-of-Death-SpritSheet.png using Guid(514c4c325f8721e4992501438f290a49) Importer(815301076,1909f56bfc062723c751e8b465ee728b) [PhysX] Initialized MultithreadedTaskDispatcher with 16 workers.
[PhysX] Initialized MultithreadedTaskDispatcher with 16 workers.
 -> (artifact id: '3122e6b0ea248207f1b49ee6a056e895') in 0.037017 seconds
Number of updated asset objects reloaded before import = 0
Number of asset objects unloaded after import = 3
========================================================================
Received Import Request.
  Time since last request: 9.868867 seconds.
  path: Assets/Arte General/Bringer-Of-Death/SpriteSheet/Bringer-of-Death-SpritSheet_no-Effect.png
  artifactKey: Guid(31c73a060041bae4cb2de619074b11bf) Importer(815301076,1909f56bfc062723c751e8b465ee728b)
Start importing Assets/Arte General/Bringer-Of-Death/SpriteSheet/Bringer-of-Death-SpritSheet_no-Effect.png using Guid(31c73a060041bae4cb2de619074b11bf) Importer(815301076,1909f56bfc062723c751e8b465ee728b) [PhysX] Initialized MultithreadedTaskDispatcher with 16 workers.
[PhysX] Initialized MultithreadedTaskDispatcher with 16 workers.
 -> (artifact id: '97bf98f448cee0cf594174447065bdf6') in 0.023293 seconds
Number of updated asset objects reloaded before import = 0
Number of asset objects unloaded after import = 3
========================================================================
Received Import Request.
  Time since last request: 0.001880 seconds.
  path: Assets/Arte General/Bringer-Of-Death/SpriteSheet/Bringer-of-Death-SpritSheet.png
  artifactKey: Guid(514c4c325f8721e4992501438f290a49) Importer(815301076,1909f56bfc062723c751e8b465ee728b)
Start importing Assets/Arte General/Bringer-Of-Death/SpriteSheet/Bringer-of-Death-SpritSheet.png using Guid(514c4c325f8721e4992501438f290a49) Importer(815301076,1909f56bfc062723c751e8b465ee728b) [PhysX] Initialized MultithreadedTaskDispatcher with 16 workers.
[PhysX] Initialized MultithreadedTaskDispatcher with 16 workers.
 -> (artifact id: 'd8fe844af4aa8786a1ce482e75d3da37') in 0.020688 seconds
Number of updated asset objects reloaded before import = 0
Number of asset objects unloaded after import = 3
========================================================================
Received Import Request.
  Time since last request: 12.795589 seconds.
  path: Assets/Arte General/Bringer-Of-Death/SpriteSheet/Bringer-of-Death-SpritSheet.png
  artifactKey: Guid(514c4c325f8721e4992501438f290a49) Importer(815301076,1909f56bfc062723c751e8b465ee728b)
Start importing Assets/Arte General/Bringer-Of-Death/SpriteSheet/Bringer-of-Death-SpritSheet.png using Guid(514c4c325f8721e4992501438f290a49) Importer(815301076,1909f56bfc062723c751e8b465ee728b) [PhysX] Initialized MultithreadedTaskDispatcher with 16 workers.
[PhysX] Initialized MultithreadedTaskDispatcher with 16 workers.
 -> (artifact id: '03d882d8bfe6be1203d905c6c6aa7fb5') in 0.016603 seconds
Number of updated asset objects reloaded before import = 0
Number of asset objects unloaded after import = 2
========================================================================
Received Import Request.
  Time since last request: 12.146088 seconds.
  path: Assets/Arte General/Bringer-Of-Death/SpriteSheet/Bringer-of-Death-SpritSheet.png
  artifactKey: Guid(514c4c325f8721e4992501438f290a49) Importer(815301076,1909f56bfc062723c751e8b465ee728b)
Start importing Assets/Arte General/Bringer-Of-Death/SpriteSheet/Bringer-of-Death-SpritSheet.png using Guid(514c4c325f8721e4992501438f290a49) Importer(815301076,1909f56bfc062723c751e8b465ee728b) [PhysX] Initialized MultithreadedTaskDispatcher with 16 workers.
[PhysX] Initialized MultithreadedTaskDispatcher with 16 workers.
 -> (artifact id: '4eacf8db0c2069208df5627f8e8f02f2') in 0.445635 seconds
Number of updated asset objects reloaded before import = 0
Number of asset objects unloaded after import = 114
========================================================================
Received Import Request.
  Time since last request: 4.581719 seconds.
  path: Assets/Arte General/Bringer-Of-Death/SpriteSheet/Bringer-of-Death-SpritSheet_no-Effect.png
  artifactKey: Guid(31c73a060041bae4cb2de619074b11bf) Importer(815301076,1909f56bfc062723c751e8b465ee728b)
Start importing Assets/Arte General/Bringer-Of-Death/SpriteSheet/Bringer-of-Death-SpritSheet_no-Effect.png using Guid(31c73a060041bae4cb2de619074b11bf) Importer(815301076,1909f56bfc062723c751e8b465ee728b) [PhysX] Initialized MultithreadedTaskDispatcher with 16 workers.
[PhysX] Initialized MultithreadedTaskDispatcher with 16 workers.
 -> (artifact id: 'e62a9a0458ce8710f90426ab99862de6') in 0.015343 seconds
Number of updated asset objects reloaded before import = 0
Number of asset objects unloaded after import = 2
========================================================================
Received Import Request.
  Time since last request: 5.921080 seconds.
  path: Assets/Arte General/Bringer-Of-Death/SpriteSheet/Bringer-of-Death-SpritSheet_no-Effect.png
  artifactKey: Guid(31c73a060041bae4cb2de619074b11bf) Importer(815301076,1909f56bfc062723c751e8b465ee728b)
Start importing Assets/Arte General/Bringer-Of-Death/SpriteSheet/Bringer-of-Death-SpritSheet_no-Effect.png using Guid(31c73a060041bae4cb2de619074b11bf) Importer(815301076,1909f56bfc062723c751e8b465ee728b) [PhysX] Initialized MultithreadedTaskDispatcher with 16 workers.
[PhysX] Initialized MultithreadedTaskDispatcher with 16 workers.
 -> (artifact id: '75324a918254c624623bdfd1fa605548') in 0.292687 seconds
Number of updated asset objects reloaded before import = 0
Number of asset objects unloaded after import = 69
